<?xml version="1.0" encoding="UTF-8"?>
<coverage generated="1773011815850" clover="3.2.0">
  <project timestamp="1773011815850" name="All files">
    <metrics statements="865" coveredstatements="641" conditionals="797" coveredconditionals="492" methods="322" coveredmethods="211" elements="1984" coveredelements="1344" complexity="0" loc="865" ncloc="865" packages="13" files="50" classes="50"/>
    <package name="app">
      <metrics statements="6" coveredstatements="6" conditionals="0" coveredconditionals="0" methods="3" coveredmethods="3"/>
      <file name="page.tsx" path="C:\Dev\montgowork\frontend\src\app\page.tsx">
        <metrics statements="6" coveredstatements="6" conditionals="0" coveredconditionals="0" methods="3" coveredmethods="3"/>
        <line num="12" count="1" type="stmt"/>
        <line num="30" count="1" type="stmt"/>
        <line num="37" count="6" type="stmt"/>
        <line num="70" count="18" type="stmt"/>
        <line num="71" count="18" type="stmt"/>
        <line num="103" count="18" type="stmt"/>
      </file>
    </package>
    <package name="app.assess">
      <metrics statements="62" coveredstatements="39" conditionals="50" coveredconditionals="20" methods="33" coveredmethods="22"/>
      <file name="ReviewStep.tsx" path="C:\Dev\montgowork\frontend\src\app\assess\ReviewStep.tsx">
        <metrics statements="4" coveredstatements="3" conditionals="20" coveredconditionals="9" methods="4" coveredmethods="3"/>
        <line num="30" count="1" type="stmt"/>
        <line num="62" count="0" type="stmt"/>
        <line num="88" count="7" type="stmt"/>
        <line num="90" count="1" type="stmt"/>
      </file>
      <file name="page.tsx" path="C:\Dev\montgowork\frontend\src\app\assess\page.tsx">
        <metrics statements="58" coveredstatements="36" conditionals="30" coveredconditionals="11" methods="29" coveredmethods="19"/>
        <line num="28" count="4" type="stmt"/>
        <line num="32" count="28" type="stmt"/>
        <line num="40" count="101" type="stmt"/>
        <line num="41" count="101" type="stmt"/>
        <line num="43" count="101" type="cond" truecount="2" falsecount="0"/>
        <line num="44" count="101" type="stmt"/>
        <line num="45" count="101" type="stmt"/>
        <line num="46" count="101" type="stmt"/>
        <line num="47" count="101" type="stmt"/>
        <line num="57" count="101" type="stmt"/>
        <line num="58" count="101" type="stmt"/>
        <line num="60" count="101" type="stmt"/>
        <line num="61" count="101" type="stmt"/>
        <line num="62" count="101" type="stmt"/>
        <line num="63" count="101" type="stmt"/>
        <line num="64" count="101" type="stmt"/>
        <line num="66" count="101" type="stmt"/>
        <line num="69" count="0" type="cond" truecount="0" falsecount="2"/>
        <line num="70" count="0" type="stmt"/>
        <line num="72" count="0" type="cond" truecount="0" falsecount="2"/>
        <line num="73" count="0" type="stmt"/>
        <line num="75" count="0" type="stmt"/>
        <line num="78" count="0" type="stmt"/>
        <line num="83" count="101" type="stmt"/>
        <line num="84" count="101" type="stmt"/>
        <line num="86" count="101" type="stmt"/>
        <line num="87" count="0" type="stmt"/>
        <line num="90" count="0" type="cond" truecount="0" falsecount="4"/>
        <line num="91" count="0" type="stmt"/>
        <line num="92" count="0" type="stmt"/>
        <line num="93" count="0" type="stmt"/>
        <line num="102" count="0" type="stmt"/>
        <line num="103" count="0" type="stmt"/>
        <line num="105" count="0" type="stmt"/>
        <line num="109" count="0" type="stmt"/>
        <line num="124" count="0" type="stmt"/>
        <line num="127" count="101" type="stmt"/>
        <line num="131" count="105" type="stmt"/>
        <line num="133" count="105" type="stmt"/>
        <line num="148" count="75" type="stmt"/>
        <line num="161" count="0" type="stmt"/>
        <line num="168" count="315" type="stmt"/>
        <line num="181" count="0" type="stmt"/>
        <line num="193" count="15" type="stmt"/>
        <line num="195" count="15" type="stmt"/>
        <line num="209" count="21" type="stmt"/>
        <line num="211" count="21" type="stmt"/>
        <line num="230" count="12" type="stmt"/>
        <line num="232" count="12" type="stmt"/>
        <line num="243" count="0" type="stmt"/>
        <line num="262" count="7" type="stmt"/>
        <line num="264" count="7" type="stmt"/>
        <line num="283" count="0" type="stmt"/>
        <line num="285" count="0" type="stmt"/>
        <line num="299" count="1" type="cond" truecount="2" falsecount="1"/>
        <line num="301" count="1" type="stmt"/>
        <line num="309" count="0" type="stmt"/>
        <line num="315" count="101" type="stmt"/>
      </file>
    </package>
    <package name="app.credit">
      <metrics statements="24" coveredstatements="18" conditionals="32" coveredconditionals="14" methods="13" coveredmethods="7"/>
      <file name="page.tsx" path="C:\Dev\montgowork\frontend\src\app\credit\page.tsx">
        <metrics statements="24" coveredstatements="18" conditionals="32" coveredconditionals="14" methods="13" coveredmethods="7"/>
        <line num="13" count="17" type="stmt"/>
        <line num="14" count="17" type="stmt"/>
        <line num="15" count="17" type="stmt"/>
        <line num="16" count="17" type="stmt"/>
        <line num="17" count="17" type="stmt"/>
        <line num="18" count="17" type="stmt"/>
        <line num="19" count="17" type="stmt"/>
        <line num="21" count="17" type="stmt"/>
        <line num="23" count="0" type="stmt"/>
        <line num="27" count="2" type="stmt"/>
        <line num="28" count="2" type="stmt"/>
        <line num="37" count="2" type="stmt"/>
        <line num="40" count="17" type="cond" truecount="4" falsecount="0"/>
        <line num="42" count="17" type="stmt"/>
        <line num="52" count="2" type="stmt"/>
        <line num="59" count="2" type="stmt"/>
        <line num="66" count="2" type="stmt"/>
        <line num="73" count="2" type="stmt"/>
        <line num="81" count="0" type="stmt"/>
        <line num="88" count="0" type="stmt"/>
        <line num="100" count="1" type="stmt"/>
        <line num="127" count="0" type="stmt"/>
        <line num="141" count="0" type="stmt"/>
        <line num="153" count="0" type="stmt"/>
      </file>
    </package>
    <package name="app.feedback.[token]">
      <metrics statements="40" coveredstatements="36" conditionals="35" coveredconditionals="27" methods="13" coveredmethods="10"/>
      <file name="feedback-form.tsx" path="C:\Dev\montgowork\frontend\src\app\feedback\[token]\feedback-form.tsx">
        <metrics statements="40" coveredstatements="36" conditionals="35" coveredconditionals="27" methods="13" coveredmethods="10"/>
        <line num="11" count="1" type="stmt"/>
        <line num="17" count="1" type="stmt"/>
        <line num="26" count="1" type="stmt"/>
        <line num="40" count="24" type="stmt"/>
        <line num="43" count="72" type="stmt"/>
        <line num="57" count="5" type="stmt"/>
        <line num="74" count="1" type="stmt"/>
        <line num="77" count="6" type="stmt"/>
        <line num="78" count="6" type="stmt"/>
        <line num="92" count="0" type="stmt"/>
        <line num="94" count="0" type="stmt"/>
        <line num="109" count="24" type="stmt"/>
        <line num="111" count="7" type="stmt"/>
        <line num="114" count="24" type="stmt"/>
        <line num="115" count="24" type="stmt"/>
        <line num="116" count="24" type="stmt"/>
        <line num="117" count="24" type="stmt"/>
        <line num="118" count="24" type="stmt"/>
        <line num="119" count="24" type="stmt"/>
        <line num="121" count="24" type="stmt"/>
        <line num="123" count="24" type="stmt"/>
        <line num="125" count="1" type="stmt"/>
        <line num="127" count="1" type="cond" truecount="1" falsecount="1"/>
        <line num="128" count="1" type="cond" truecount="1" falsecount="1"/>
        <line num="129" count="1" type="stmt"/>
        <line num="131" count="0" type="stmt"/>
        <line num="136" count="24" type="cond" truecount="3" falsecount="0"/>
        <line num="139" count="2" type="cond" truecount="3" falsecount="1"/>
        <line num="140" count="2" type="stmt"/>
        <line num="141" count="2" type="stmt"/>
        <line num="151" count="24" type="cond" truecount="2" falsecount="0"/>
        <line num="152" count="7" type="stmt"/>
        <line num="163" count="17" type="cond" truecount="4" falsecount="0"/>
        <line num="164" count="1" type="stmt"/>
        <line num="181" count="16" type="cond" truecount="2" falsecount="0"/>
        <line num="182" count="2" type="stmt"/>
        <line num="197" count="14" type="cond" truecount="2" falsecount="0"/>
        <line num="198" count="2" type="stmt"/>
        <line num="213" count="12" type="stmt"/>
        <line num="261" count="0" type="stmt"/>
      </file>
    </package>
    <package name="app.plan">
      <metrics statements="60" coveredstatements="57" conditionals="93" coveredconditionals="71" methods="19" coveredmethods="17"/>
      <file name="page.tsx" path="C:\Dev\montgowork\frontend\src\app\plan\page.tsx">
        <metrics statements="60" coveredstatements="57" conditionals="93" coveredconditionals="71" methods="19" coveredmethods="17"/>
        <line num="30" count="5" type="stmt"/>
        <line num="33" count="6" type="stmt"/>
        <line num="34" count="6" type="stmt"/>
        <line num="51" count="22" type="stmt"/>
        <line num="66" count="131" type="stmt"/>
        <line num="67" count="131" type="stmt"/>
        <line num="68" count="54" type="cond" truecount="2" falsecount="0"/>
        <line num="69" count="19" type="stmt"/>
        <line num="71" count="131" type="stmt"/>
        <line num="75" count="61" type="stmt"/>
        <line num="76" count="61" type="stmt"/>
        <line num="77" count="61" type="cond" truecount="2" falsecount="0"/>
        <line num="79" count="61" type="stmt"/>
        <line num="80" count="26" type="cond" truecount="2" falsecount="0"/>
        <line num="81" count="20" type="stmt"/>
        <line num="85" count="61" type="cond" truecount="2" falsecount="0"/>
        <line num="86" count="13" type="stmt"/>
        <line num="90" count="35" type="stmt"/>
        <line num="91" count="35" type="stmt"/>
        <line num="92" count="35" type="cond" truecount="4" falsecount="0"/>
        <line num="93" count="35" type="stmt"/>
        <line num="95" count="35" type="stmt"/>
        <line num="96" count="14" type="cond" truecount="4" falsecount="0"/>
        <line num="97" count="9" type="stmt"/>
        <line num="101" count="35" type="cond" truecount="2" falsecount="0"/>
        <line num="102" count="9" type="stmt"/>
        <line num="106" count="35" type="stmt"/>
        <line num="107" count="35" type="stmt"/>
        <line num="109" count="35" type="stmt"/>
        <line num="111" count="9" type="cond" truecount="2" falsecount="2"/>
        <line num="115" count="35" type="cond" truecount="2" falsecount="0"/>
        <line num="118" count="35" type="cond" truecount="2" falsecount="0"/>
        <line num="119" count="35" type="stmt"/>
        <line num="120" count="14" type="cond" truecount="2" falsecount="0"/>
        <line num="121" count="1" type="stmt"/>
        <line num="123" count="35" type="cond" truecount="3" falsecount="0"/>
        <line num="125" count="35" type="stmt"/>
        <line num="126" count="19" type="cond" truecount="2" falsecount="0"/>
        <line num="130" count="35" type="stmt"/>
        <line num="131" count="35" type="stmt"/>
        <line num="132" count="35" type="stmt"/>
        <line num="133" count="19" type="cond" truecount="5" falsecount="0"/>
        <line num="134" count="5" type="stmt"/>
        <line num="135" count="5" type="stmt"/>
        <line num="136" count="5" type="stmt"/>
        <line num="147" count="35" type="cond" truecount="5" falsecount="0"/>
        <line num="149" count="13" type="cond" truecount="4" falsecount="0"/>
        <line num="150" count="5" type="stmt"/>
        <line num="160" count="8" type="cond" truecount="2" falsecount="0"/>
        <line num="161" count="2" type="cond" truecount="1" falsecount="1"/>
        <line num="162" count="2" type="cond" truecount="2" falsecount="0"/>
        <line num="166" count="2" type="stmt"/>
        <line num="176" count="6" type="cond" truecount="4" falsecount="1"/>
        <line num="177" count="0" type="stmt"/>
        <line num="187" count="6" type="stmt"/>
        <line num="226" count="0" type="stmt"/>
        <line num="258" count="0" type="cond" truecount="0" falsecount="4"/>
        <line num="346" count="13" type="stmt"/>
        <line num="363" count="26" type="stmt"/>
        <line num="364" count="26" type="stmt"/>
      </file>
    </package>
    <package name="components">
      <metrics statements="26" coveredstatements="23" conditionals="17" coveredconditionals="12" methods="9" coveredmethods="9"/>
      <file name="EmptyState.tsx" path="C:\Dev\montgowork\frontend\src\components\EmptyState.tsx">
        <metrics statements="1" coveredstatements="1" conditionals="3" coveredconditionals="3" methods="1" coveredmethods="1"/>
        <line num="21" count="9" type="stmt"/>
      </file>
      <file name="ErrorBoundary.tsx" path="C:\Dev\montgowork\frontend\src\components\ErrorBoundary.tsx">
        <metrics statements="9" coveredstatements="9" conditionals="4" coveredconditionals="4" methods="4" coveredmethods="4"/>
        <line num="19" count="10" type="stmt"/>
        <line num="20" count="10" type="stmt"/>
        <line num="24" count="8" type="stmt"/>
        <line num="27" count="10" type="stmt"/>
        <line num="28" count="1" type="stmt"/>
        <line num="32" count="18" type="cond" truecount="2" falsecount="0"/>
        <line num="33" count="8" type="cond" truecount="2" falsecount="0"/>
        <line num="35" count="6" type="stmt"/>
        <line num="55" count="10" type="stmt"/>
      </file>
      <file name="ScrollProgress.tsx" path="C:\Dev\montgowork\frontend\src\components\ScrollProgress.tsx">
        <metrics statements="5" coveredstatements="5" conditionals="2" coveredconditionals="2" methods="1" coveredmethods="1"/>
        <line num="6" count="4" type="stmt"/>
        <line num="7" count="4" type="stmt"/>
        <line num="8" count="4" type="stmt"/>
        <line num="14" count="4" type="cond" truecount="2" falsecount="0"/>
        <line num="16" count="3" type="stmt"/>
      </file>
      <file name="SmoothScroll.tsx" path="C:\Dev\montgowork\frontend\src\components\SmoothScroll.tsx">
        <metrics statements="3" coveredstatements="3" conditionals="2" coveredconditionals="2" methods="1" coveredmethods="1"/>
        <line num="12" count="3" type="stmt"/>
        <line num="13" count="3" type="cond" truecount="2" falsecount="0"/>
        <line num="14" count="2" type="stmt"/>
      </file>
      <file name="ViewTransitionsProvider.tsx" path="C:\Dev\montgowork\frontend\src\components\ViewTransitionsProvider.tsx">
        <metrics statements="8" coveredstatements="5" conditionals="6" coveredconditionals="1" methods="2" coveredmethods="2"/>
        <line num="11" count="2" type="stmt"/>
        <line num="12" count="2" type="stmt"/>
        <line num="14" count="2" type="stmt"/>
        <line num="15" count="2" type="cond" truecount="1" falsecount="1"/>
        <line num="16" count="0" type="stmt"/>
        <line num="17" count="0" type="cond" truecount="0" falsecount="4"/>
        <line num="18" count="0" type="stmt"/>
        <line num="23" count="2" type="stmt"/>
      </file>
    </package>
    <package name="components.barrier-intel">
      <metrics statements="29" coveredstatements="19" conditionals="27" coveredconditionals="17" methods="14" coveredmethods="7"/>
      <file name="BarrierIntelChat.tsx" path="C:\Dev\montgowork\frontend\src\components\barrier-intel\BarrierIntelChat.tsx">
        <metrics statements="23" coveredstatements="13" conditionals="20" coveredconditionals="10" methods="10" coveredmethods="3"/>
        <line num="19" count="37" type="stmt"/>
        <line num="20" count="37" type="stmt"/>
        <line num="21" count="37" type="stmt"/>
        <line num="22" count="37" type="stmt"/>
        <line num="24" count="37" type="stmt"/>
        <line num="25" count="0" type="stmt"/>
        <line num="26" count="0" type="cond" truecount="0" falsecount="2"/>
        <line num="27" count="0" type="stmt"/>
        <line num="28" count="0" type="stmt"/>
        <line num="29" count="0" type="stmt"/>
        <line num="32" count="37" type="stmt"/>
        <line num="33" count="0" type="stmt"/>
        <line num="34" count="0" type="stmt"/>
        <line num="37" count="37" type="cond" truecount="2" falsecount="0"/>
        <line num="40" count="31" type="cond" truecount="2" falsecount="0"/>
        <line num="41" count="27" type="stmt"/>
        <line num="44" count="4" type="stmt"/>
        <line num="55" count="4" type="stmt"/>
        <line num="60" count="1" type="stmt"/>
        <line num="78" count="0" type="stmt"/>
        <line num="98" count="0" type="stmt"/>
        <line num="99" count="0" type="cond" truecount="0" falsecount="3"/>
        <line num="112" count="37" type="stmt"/>
      </file>
      <file name="ChatMessage.tsx" path="C:\Dev\montgowork\frontend\src\components\barrier-intel\ChatMessage.tsx">
        <metrics statements="2" coveredstatements="2" conditionals="7" coveredconditionals="7" methods="1" coveredmethods="1"/>
        <line num="11" count="3" type="stmt"/>
        <line num="13" count="3" type="stmt"/>
      </file>
      <file name="SuggestedQuestions.tsx" path="C:\Dev\montgowork\frontend\src\components\barrier-intel\SuggestedQuestions.tsx">
        <metrics statements="4" coveredstatements="4" conditionals="0" coveredconditionals="0" methods="3" coveredmethods="3"/>
        <line num="3" count="6" type="stmt"/>
        <line num="15" count="11" type="stmt"/>
        <line num="18" count="33" type="stmt"/>
        <line num="21" count="1" type="stmt"/>
      </file>
    </package>
    <package name="components.plan">
      <metrics statements="222" coveredstatements="195" conditionals="278" coveredconditionals="198" methods="90" coveredmethods="69"/>
      <file name="BarrierCardView.tsx" path="C:\Dev\montgowork\frontend\src\components\plan\BarrierCardView.tsx">
        <metrics statements="32" coveredstatements="29" conditionals="46" coveredconditionals="36" methods="13" coveredmethods="10"/>
        <line num="22" count="7" type="stmt"/>
        <line num="27" count="8" type="cond" truecount="1" falsecount="1"/>
        <line num="28" count="8" type="stmt"/>
        <line num="29" count="8" type="stmt"/>
        <line num="30" count="8" type="stmt"/>
        <line num="31" count="8" type="cond" truecount="3" falsecount="1"/>
        <line num="33" count="8" type="stmt"/>
        <line num="43" count="18" type="stmt"/>
        <line num="44" count="18" type="stmt"/>
        <line num="45" count="11" type="cond" truecount="2" falsecount="0"/>
        <line num="48" count="18" type="stmt"/>
        <line num="50" count="7" type="cond" truecount="3" falsecount="1"/>
        <line num="52" count="7" type="stmt"/>
        <line num="53" count="7" type="stmt"/>
        <line num="54" count="7" type="cond" truecount="2" falsecount="0"/>
        <line num="56" count="7" type="cond" truecount="2" falsecount="0"/>
        <line num="57" count="1" type="stmt"/>
        <line num="59" count="6" type="stmt"/>
        <line num="60" count="6" type="stmt"/>
        <line num="65" count="0" type="stmt"/>
        <line num="68" count="7" type="stmt"/>
        <line num="73" count="18" type="stmt"/>
        <line num="74" count="18" type="cond" truecount="1" falsecount="1"/>
        <line num="75" count="18" type="stmt"/>
        <line num="76" count="18" type="cond" truecount="1" falsecount="1"/>
        <line num="78" count="18" type="stmt"/>
        <line num="106" count="18" type="stmt"/>
        <line num="120" count="18" type="stmt"/>
        <line num="155" count="6" type="stmt"/>
        <line num="169" count="1" type="stmt"/>
        <line num="188" count="0" type="stmt"/>
        <line num="212" count="0" type="stmt"/>
      </file>
      <file name="CareerCenterExport.tsx" path="C:\Dev\montgowork\frontend\src\components\plan\CareerCenterExport.tsx">
        <metrics statements="19" coveredstatements="19" conditionals="10" coveredconditionals="10" methods="3" coveredmethods="3"/>
        <line num="16" count="28" type="stmt"/>
        <line num="17" count="28" type="stmt"/>
        <line num="18" count="28" type="stmt"/>
        <line num="19" count="28" type="stmt"/>
        <line num="21" count="28" type="stmt"/>
        <line num="22" count="6" type="stmt"/>
        <line num="23" count="6" type="stmt"/>
        <line num="24" count="6" type="stmt"/>
        <line num="25" count="6" type="stmt"/>
        <line num="26" count="5" type="stmt"/>
        <line num="27" count="5" type="stmt"/>
        <line num="28" count="5" type="cond" truecount="2" falsecount="0"/>
        <line num="29" count="1" type="stmt"/>
        <line num="31" count="4" type="stmt"/>
        <line num="32" count="4" type="stmt"/>
        <line num="33" count="4" type="stmt"/>
        <line num="45" count="3" type="stmt"/>
        <line num="47" count="6" type="stmt"/>
        <line num="51" count="28" type="stmt"/>
      </file>
      <file name="CareerCenterPackage.tsx" path="C:\Dev\montgowork\frontend\src\components\plan\CareerCenterPackage.tsx">
        <metrics statements="24" coveredstatements="24" conditionals="20" coveredconditionals="17" methods="13" coveredmethods="13"/>
        <line num="4" count="7" type="stmt"/>
        <line num="5" count="7" type="stmt"/>
        <line num="6" count="7" type="stmt"/>
        <line num="7" count="7" type="stmt"/>
        <line num="8" count="7" type="stmt"/>
        <line num="9" count="7" type="stmt"/>
        <line num="12" count="17" type="stmt"/>
        <line num="13" count="17" type="stmt"/>
        <line num="26" count="33" type="stmt"/>
        <line num="44" count="27" type="stmt"/>
        <line num="53" count="17" type="stmt"/>
        <line num="54" count="17" type="stmt"/>
        <line num="63" count="37" type="stmt"/>
        <line num="73" count="27" type="stmt"/>
        <line num="81" count="27" type="stmt"/>
        <line num="97" count="27" type="stmt"/>
        <line num="107" count="17" type="stmt"/>
        <line num="108" count="17" type="cond" truecount="2" falsecount="0"/>
        <line num="109" count="1" type="stmt"/>
        <line num="119" count="1" type="stmt"/>
        <line num="129" count="2" type="stmt"/>
        <line num="139" count="1" type="stmt"/>
        <line num="148" count="7" type="stmt"/>
        <line num="150" count="17" type="stmt"/>
      </file>
      <file name="CareerPathway.tsx" path="C:\Dev\montgowork\frontend\src\components\plan\CareerPathway.tsx">
        <metrics statements="3" coveredstatements="3" conditionals="4" coveredconditionals="4" methods="2" coveredmethods="2"/>
        <line num="13" count="11" type="cond" truecount="2" falsecount="0"/>
        <line num="15" count="10" type="stmt"/>
        <line num="23" count="19" type="stmt"/>
      </file>
      <file name="ComparisonView.tsx" path="C:\Dev\montgowork\frontend\src\components\plan\ComparisonView.tsx">
        <metrics statements="29" coveredstatements="22" conditionals="40" coveredconditionals="24" methods="12" coveredmethods="5"/>
        <line num="34" count="6" type="stmt"/>
        <line num="37" count="6" type="stmt"/>
        <line num="38" count="6" type="stmt"/>
        <line num="39" count="6" type="stmt"/>
        <line num="48" count="6" type="cond" truecount="1" falsecount="1"/>
        <line num="49" count="6" type="cond" truecount="1" falsecount="1"/>
        <line num="50" count="6" type="cond" truecount="1" falsecount="1"/>
        <line num="54" count="0" type="stmt"/>
        <line num="55" count="6" type="cond" truecount="1" falsecount="1"/>
        <line num="57" count="0" type="stmt"/>
        <line num="58" count="6" type="stmt"/>
        <line num="67" count="6" type="cond" truecount="1" falsecount="1"/>
        <line num="68" count="6" type="cond" truecount="2" falsecount="0"/>
        <line num="69" count="6" type="cond" truecount="2" falsecount="0"/>
        <line num="70" count="6" type="cond" truecount="2" falsecount="0"/>
        <line num="71" count="0" type="stmt"/>
        <line num="73" count="6" type="cond" truecount="2" falsecount="0"/>
        <line num="75" count="6" type="cond" truecount="2" falsecount="0"/>
        <line num="81" count="6" type="stmt"/>
        <line num="95" count="6" type="cond" truecount="1" falsecount="1"/>
        <line num="96" count="0" type="stmt"/>
        <line num="97" count="0" type="stmt"/>
        <line num="98" count="0" type="stmt"/>
        <line num="99" count="0" type="stmt"/>
        <line num="108" count="6" type="stmt"/>
        <line num="112" count="6" type="stmt"/>
        <line num="114" count="6" type="stmt"/>
        <line num="127" count="18" type="stmt"/>
        <line num="148" count="18" type="stmt"/>
      </file>
      <file name="CreditResults.tsx" path="C:\Dev\montgowork\frontend\src\components\plan\CreditResults.tsx">
        <metrics statements="24" coveredstatements="9" conditionals="34" coveredconditionals="3" methods="13" coveredmethods="3"/>
        <line num="27" count="0" type="stmt"/>
        <line num="34" count="0" type="cond" truecount="0" falsecount="2"/>
        <line num="38" count="0" type="stmt"/>
        <line num="45" count="0" type="cond" truecount="0" falsecount="2"/>
        <line num="49" count="2" type="stmt"/>
        <line num="50" count="2" type="stmt"/>
        <line num="51" count="2" type="stmt"/>
        <line num="52" count="2" type="stmt"/>
        <line num="53" count="2" type="cond" truecount="1" falsecount="1"/>
        <line num="55" count="2" type="stmt"/>
        <line num="56" count="2" type="stmt"/>
        <line num="57" count="0" type="stmt"/>
        <line num="58" count="0" type="stmt"/>
        <line num="59" count="0" type="stmt"/>
        <line num="61" count="0" type="stmt"/>
        <line num="63" count="2" type="stmt"/>
        <line num="66" count="2" type="stmt"/>
        <line num="106" count="0" type="stmt"/>
        <line num="126" count="0" type="stmt"/>
        <line num="166" count="0" type="stmt"/>
        <line num="181" count="0" type="stmt"/>
        <line num="207" count="0" type="stmt"/>
        <line num="211" count="0" type="stmt"/>
        <line num="218" count="0" type="stmt"/>
      </file>
      <file name="EmailExport.tsx" path="C:\Dev\montgowork\frontend\src\components\plan\EmailExport.tsx">
        <metrics statements="32" coveredstatements="30" conditionals="24" coveredconditionals="20" methods="8" coveredmethods="8"/>
        <line num="7" count="6" type="stmt"/>
        <line num="10" count="86" type="stmt"/>
        <line num="19" count="4" type="cond" truecount="1" falsecount="1"/>
        <line num="20" count="4" type="stmt"/>
        <line num="28" count="4" type="stmt"/>
        <line num="41" count="86" type="stmt"/>
        <line num="42" count="86" type="stmt"/>
        <line num="43" count="86" type="stmt"/>
        <line num="44" count="86" type="stmt"/>
        <line num="45" count="86" type="stmt"/>
        <line num="47" count="86" type="cond" truecount="4" falsecount="0"/>
        <line num="50" count="4" type="stmt"/>
        <line num="52" count="4" type="cond" truecount="1" falsecount="1"/>
        <line num="53" count="0" type="stmt"/>
        <line num="54" count="0" type="stmt"/>
        <line num="57" count="4" type="stmt"/>
        <line num="58" count="4" type="stmt"/>
        <line num="59" count="4" type="stmt"/>
        <line num="60" count="4" type="stmt"/>
        <line num="61" count="4" type="stmt"/>
        <line num="67" count="3" type="stmt"/>
        <line num="69" count="1" type="cond" truecount="1" falsecount="1"/>
        <line num="70" count="1" type="stmt"/>
        <line num="72" count="4" type="stmt"/>
        <line num="76" count="80" type="cond" truecount="2" falsecount="0"/>
        <line num="77" count="3" type="stmt"/>
        <line num="85" count="77" type="cond" truecount="2" falsecount="0"/>
        <line num="86" count="4" type="stmt"/>
        <line num="91" count="4" type="stmt"/>
        <line num="99" count="73" type="stmt"/>
        <line num="105" count="64" type="stmt"/>
        <line num="108" count="64" type="cond" truecount="1" falsecount="1"/>
      </file>
      <file name="JobBucketSection.tsx" path="C:\Dev\montgowork\frontend\src\components\plan\JobBucketSection.tsx">
        <metrics statements="3" coveredstatements="3" conditionals="4" coveredconditionals="4" methods="2" coveredmethods="2"/>
        <line num="12" count="3" type="cond" truecount="2" falsecount="0"/>
        <line num="14" count="2" type="stmt"/>
        <line num="22" count="2" type="stmt"/>
      </file>
      <file name="JobMatchCard.tsx" path="C:\Dev\montgowork\frontend\src\components\plan\JobMatchCard.tsx">
        <metrics statements="3" coveredstatements="3" conditionals="30" coveredconditionals="23" methods="3" coveredmethods="2"/>
        <line num="12" count="10" type="stmt"/>
        <line num="21" count="5" type="stmt"/>
        <line num="23" count="5" type="stmt"/>
      </file>
      <file name="JobReadinessResults.tsx" path="C:\Dev\montgowork\frontend\src\components\plan\JobReadinessResults.tsx">
        <metrics statements="4" coveredstatements="4" conditionals="2" coveredconditionals="1" methods="3" coveredmethods="3"/>
        <line num="17" count="40" type="stmt"/>
        <line num="21" count="8" type="cond" truecount="1" falsecount="1"/>
        <line num="23" count="8" type="stmt"/>
        <line num="63" count="40" type="stmt"/>
      </file>
      <file name="MondayMorning.tsx" path="C:\Dev\montgowork\frontend\src\components\plan\MondayMorning.tsx">
        <metrics statements="15" coveredstatements="15" conditionals="28" coveredconditionals="24" methods="5" coveredmethods="5"/>
        <line num="18" count="18" type="stmt"/>
        <line num="19" count="18" type="cond" truecount="4" falsecount="0"/>
        <line num="23" count="18" type="stmt"/>
        <line num="25" count="18" type="stmt"/>
        <line num="26" count="20" type="cond" truecount="2" falsecount="0"/>
        <line num="27" count="2" type="stmt"/>
        <line num="33" count="18" type="stmt"/>
        <line num="37" count="18" type="stmt"/>
        <line num="38" count="18" type="cond" truecount="2" falsecount="0"/>
        <line num="39" count="4" type="stmt"/>
        <line num="40" count="4" type="stmt"/>
        <line num="48" count="18" type="stmt"/>
        <line num="58" count="18" type="stmt"/>
        <line num="60" count="18" type="stmt"/>
        <line num="80" count="24" type="stmt"/>
      </file>
      <file name="PlanExport.tsx" path="C:\Dev\montgowork\frontend\src\components\plan\PlanExport.tsx">
        <metrics statements="34" coveredstatements="34" conditionals="36" coveredconditionals="32" methods="13" coveredmethods="13"/>
        <line num="17" count="33" type="stmt"/>
        <line num="18" count="33" type="stmt"/>
        <line num="19" count="33" type="stmt"/>
        <line num="21" count="33" type="stmt"/>
        <line num="22" count="3" type="cond" truecount="1" falsecount="1"/>
        <line num="23" count="3" type="stmt"/>
        <line num="24" count="3" type="stmt"/>
        <line num="25" count="3" type="stmt"/>
        <line num="26" count="3" type="stmt"/>
        <line num="27" count="3" type="stmt"/>
        <line num="39" count="1" type="stmt"/>
        <line num="41" count="3" type="stmt"/>
        <line num="45" count="33" type="stmt"/>
        <line num="51" count="33" type="stmt"/>
        <line num="105" count="6" type="stmt"/>
        <line num="106" count="6" type="stmt"/>
        <line num="109" count="32" type="stmt"/>
        <line num="122" count="32" type="cond" truecount="2" falsecount="0"/>
        <line num="123" count="25" type="stmt"/>
        <line num="139" count="32" type="cond" truecount="2" falsecount="0"/>
        <line num="140" count="25" type="stmt"/>
        <line num="144" count="50" type="cond" truecount="1" falsecount="1"/>
        <line num="145" count="50" type="stmt"/>
        <line num="172" count="75" type="stmt"/>
        <line num="184" count="32" type="cond" truecount="2" falsecount="0"/>
        <line num="185" count="25" type="stmt"/>
        <line num="189" count="50" type="stmt"/>
        <line num="214" count="32" type="cond" truecount="2" falsecount="0"/>
        <line num="215" count="31" type="stmt"/>
        <line num="220" count="81" type="stmt"/>
        <line num="228" count="4" type="stmt"/>
        <line num="249" count="8" type="cond" truecount="1" falsecount="1"/>
        <line num="250" count="8" type="stmt"/>
        <line num="251" count="8" type="stmt"/>
      </file>
    </package>
    <package name="components.ui">
      <metrics statements="70" coveredstatements="65" conditionals="19" coveredconditionals="16" methods="22" coveredmethods="17"/>
      <file name="badge.tsx" path="C:\Dev\montgowork\frontend\src\components\ui\badge.tsx">
        <metrics statements="2" coveredstatements="2" conditionals="0" coveredconditionals="0" methods="1" coveredmethods="1"/>
        <line num="6" count="13" type="stmt"/>
        <line num="31" count="75" type="stmt"/>
      </file>
      <file name="button.tsx" path="C:\Dev\montgowork\frontend\src\components\ui\button.tsx">
        <metrics statements="5" coveredstatements="5" conditionals="3" coveredconditionals="3" methods="1" coveredmethods="1"/>
        <line num="7" count="24" type="stmt"/>
        <line num="43" count="24" type="stmt"/>
        <line num="45" count="547" type="cond" truecount="2" falsecount="0"/>
        <line num="46" count="547" type="stmt"/>
        <line num="55" count="24" type="stmt"/>
      </file>
      <file name="card.tsx" path="C:\Dev\montgowork\frontend\src\components\ui\card.tsx">
        <metrics statements="18" coveredstatements="16" conditionals="0" coveredconditionals="0" methods="6" coveredmethods="4"/>
        <line num="5" count="19" type="stmt"/>
        <line num="9" count="504" type="stmt"/>
        <line num="18" count="19" type="stmt"/>
        <line num="20" count="19" type="stmt"/>
        <line num="24" count="86" type="stmt"/>
        <line num="30" count="19" type="stmt"/>
        <line num="32" count="19" type="stmt"/>
        <line num="36" count="86" type="stmt"/>
        <line num="42" count="19" type="stmt"/>
        <line num="44" count="19" type="stmt"/>
        <line num="48" count="0" type="stmt"/>
        <line num="54" count="19" type="stmt"/>
        <line num="56" count="19" type="stmt"/>
        <line num="60" count="293" type="stmt"/>
        <line num="62" count="19" type="stmt"/>
        <line num="64" count="19" type="stmt"/>
        <line num="68" count="0" type="stmt"/>
        <line num="74" count="19" type="stmt"/>
      </file>
      <file name="checkbox.tsx" path="C:\Dev\montgowork\frontend\src\components\ui\checkbox.tsx">
        <metrics statements="3" coveredstatements="3" conditionals="0" coveredconditionals="0" methods="1" coveredmethods="1"/>
        <line num="9" count="4" type="stmt"/>
        <line num="13" count="307" type="stmt"/>
        <line num="28" count="4" type="stmt"/>
      </file>
      <file name="input.tsx" path="C:\Dev\montgowork\frontend\src\components\ui\input.tsx">
        <metrics statements="3" coveredstatements="3" conditionals="0" coveredconditionals="0" methods="1" coveredmethods="1"/>
        <line num="5" count="13" type="stmt"/>
        <line num="7" count="273" type="stmt"/>
        <line num="20" count="13" type="stmt"/>
      </file>
      <file name="progress.tsx" path="C:\Dev\montgowork\frontend\src\components\ui\progress.tsx">
        <metrics statements="3" coveredstatements="3" conditionals="2" coveredconditionals="1" methods="1" coveredmethods="1"/>
        <line num="8" count="12" type="stmt"/>
        <line num="12" count="210" type="stmt"/>
        <line num="26" count="12" type="stmt"/>
      </file>
      <file name="scroll-area.tsx" path="C:\Dev\montgowork\frontend\src\components\ui\scroll-area.tsx">
        <metrics statements="6" coveredstatements="6" conditionals="5" coveredconditionals="4" methods="2" coveredmethods="2"/>
        <line num="8" count="6" type="stmt"/>
        <line num="12" count="8" type="stmt"/>
        <line num="24" count="6" type="stmt"/>
        <line num="26" count="6" type="stmt"/>
        <line num="30" count="8" type="stmt"/>
        <line num="46" count="6" type="stmt"/>
      </file>
      <file name="select.tsx" path="C:\Dev\montgowork\frontend\src\components\ui\select.tsx">
        <metrics statements="24" coveredstatements="22" conditionals="5" coveredconditionals="5" methods="7" coveredmethods="5"/>
        <line num="9" count="4" type="stmt"/>
        <line num="11" count="4" type="stmt"/>
        <line num="13" count="4" type="stmt"/>
        <line num="15" count="4" type="stmt"/>
        <line num="19" count="99" type="stmt"/>
        <line num="33" count="4" type="stmt"/>
        <line num="35" count="4" type="stmt"/>
        <line num="39" count="100" type="stmt"/>
        <line num="50" count="4" type="stmt"/>
        <line num="52" count="4" type="stmt"/>
        <line num="56" count="100" type="stmt"/>
        <line num="67" count="4" type="stmt"/>
        <line num="70" count="4" type="stmt"/>
        <line num="74" count="99" type="stmt"/>
        <line num="100" count="4" type="stmt"/>
        <line num="102" count="4" type="stmt"/>
        <line num="106" count="0" type="stmt"/>
        <line num="112" count="4" type="stmt"/>
        <line num="114" count="4" type="stmt"/>
        <line num="118" count="310" type="stmt"/>
        <line num="134" count="4" type="stmt"/>
        <line num="136" count="4" type="stmt"/>
        <line num="140" count="0" type="stmt"/>
        <line num="146" count="4" type="stmt"/>
      </file>
      <file name="separator.tsx" path="C:\Dev\montgowork\frontend\src\components\ui\separator.tsx">
        <metrics statements="3" coveredstatements="3" conditionals="4" coveredconditionals="3" methods="1" coveredmethods="1"/>
        <line num="8" count="8" type="stmt"/>
        <line num="16" count="42" type="stmt"/>
        <line num="29" count="8" type="stmt"/>
      </file>
      <file name="slider.tsx" path="C:\Dev\montgowork\frontend\src\components\ui\slider.tsx">
        <metrics statements="3" coveredstatements="2" conditionals="0" coveredconditionals="0" methods="1" coveredmethods="0"/>
        <line num="8" count="4" type="stmt"/>
        <line num="12" count="0" type="stmt"/>
        <line num="26" count="4" type="stmt"/>
      </file>
    </package>
    <package name="components.wizard">
      <metrics statements="138" coveredstatements="67" conditionals="120" coveredconditionals="53" methods="57" coveredmethods="21"/>
      <file name="BarrierForm.tsx" path="C:\Dev\montgowork\frontend\src\components\wizard\BarrierForm.tsx">
        <metrics statements="16" coveredstatements="13" conditionals="12" coveredconditionals="7" methods="7" coveredmethods="4"/>
        <line num="20" count="4" type="stmt"/>
        <line num="30" count="4" type="stmt"/>
        <line num="51" count="21" type="stmt"/>
        <line num="52" count="21" type="stmt"/>
        <line num="53" count="21" type="cond" truecount="1" falsecount="1"/>
        <line num="54" count="21" type="stmt"/>
        <line num="57" count="10" type="stmt"/>
        <line num="58" count="10" type="stmt"/>
        <line num="64" count="21" type="stmt"/>
        <line num="77" count="147" type="stmt"/>
        <line num="78" count="147" type="stmt"/>
        <line num="79" count="147" type="stmt"/>
        <line num="84" count="10" type="stmt"/>
        <line num="85" count="0" type="cond" truecount="0" falsecount="4"/>
        <line num="96" count="0" type="stmt"/>
        <line num="97" count="0" type="stmt"/>
      </file>
      <file name="CreditForm.tsx" path="C:\Dev\montgowork\frontend\src\components\wizard\CreditForm.tsx">
        <metrics statements="25" coveredstatements="3" conditionals="28" coveredconditionals="0" methods="18" coveredmethods="0"/>
        <line num="19" count="4" type="stmt"/>
        <line num="28" count="0" type="cond" truecount="0" falsecount="4"/>
        <line num="32" count="0" type="cond" truecount="0" falsecount="2"/>
        <line num="33" count="0" type="cond" truecount="0" falsecount="2"/>
        <line num="34" count="0" type="stmt"/>
        <line num="37" count="4" type="stmt"/>
        <line num="45" count="4" type="stmt"/>
        <line num="61" count="0" type="stmt"/>
        <line num="70" count="0" type="stmt"/>
        <line num="73" count="0" type="stmt"/>
        <line num="77" count="0" type="cond" truecount="0" falsecount="2"/>
        <line num="78" count="0" type="stmt"/>
        <line num="80" count="0" type="stmt"/>
        <line num="83" count="0" type="stmt"/>
        <line num="109" count="0" type="stmt"/>
        <line num="131" count="0" type="stmt"/>
        <line num="150" count="0" type="stmt"/>
        <line num="163" count="0" type="stmt"/>
        <line num="170" count="0" type="stmt"/>
        <line num="191" count="0" type="cond" truecount="0" falsecount="2"/>
        <line num="202" count="0" type="cond" truecount="0" falsecount="2"/>
        <line num="212" count="0" type="cond" truecount="0" falsecount="2"/>
        <line num="224" count="0" type="stmt"/>
        <line num="225" count="0" type="stmt"/>
        <line num="235" count="0" type="stmt"/>
      </file>
      <file name="IndustryForm.tsx" path="C:\Dev\montgowork\frontend\src\components\wizard\IndustryForm.tsx">
        <metrics statements="18" coveredstatements="8" conditionals="10" coveredconditionals="3" methods="12" coveredmethods="5"/>
        <line num="22" count="1" type="cond" truecount="1" falsecount="1"/>
        <line num="23" count="0" type="stmt"/>
        <line num="25" count="1" type="stmt"/>
        <line num="30" count="0" type="cond" truecount="0" falsecount="2"/>
        <line num="31" count="0" type="stmt"/>
        <line num="33" count="0" type="stmt"/>
        <line num="37" count="7" type="stmt"/>
        <line num="41" count="49" type="stmt"/>
        <line num="42" count="49" type="stmt"/>
        <line num="47" count="1" type="stmt"/>
        <line num="49" count="0" type="cond" truecount="0" falsecount="4"/>
        <line num="50" count="0" type="stmt"/>
        <line num="51" count="0" type="stmt"/>
        <line num="64" count="0" type="stmt"/>
        <line num="65" count="0" type="stmt"/>
        <line num="80" count="21" type="stmt"/>
        <line num="81" count="21" type="stmt"/>
        <line num="86" count="0" type="stmt"/>
      </file>
      <file name="ResumeStep.tsx" path="C:\Dev\montgowork\frontend\src\components\wizard\ResumeStep.tsx">
        <metrics statements="47" coveredstatements="12" conditionals="30" coveredconditionals="7" methods="9" coveredmethods="1"/>
        <line num="11" count="4" type="stmt"/>
        <line num="12" count="4" type="stmt"/>
        <line num="22" count="15" type="cond" truecount="1" falsecount="1"/>
        <line num="23" count="15" type="stmt"/>
        <line num="24" count="15" type="stmt"/>
        <line num="25" count="15" type="stmt"/>
        <line num="26" count="15" type="stmt"/>
        <line num="28" count="15" type="stmt"/>
        <line num="29" count="0" type="cond" truecount="0" falsecount="2"/>
        <line num="30" count="0" type="stmt"/>
        <line num="31" count="0" type="stmt"/>
        <line num="32" count="0" type="stmt"/>
        <line num="35" count="0" type="stmt"/>
        <line num="36" count="0" type="stmt"/>
        <line num="37" count="0" type="stmt"/>
        <line num="39" count="0" type="stmt"/>
        <line num="40" count="0" type="stmt"/>
        <line num="41" count="0" type="cond" truecount="0" falsecount="2"/>
        <line num="42" count="0" type="stmt"/>
        <line num="43" count="0" type="stmt"/>
        <line num="44" count="0" type="stmt"/>
        <line num="46" count="0" type="stmt"/>
        <line num="47" count="0" type="stmt"/>
        <line num="48" count="0" type="stmt"/>
        <line num="50" count="0" type="stmt"/>
        <line num="51" count="0" type="stmt"/>
        <line num="55" count="15" type="stmt"/>
        <line num="56" count="0" type="stmt"/>
        <line num="57" count="0" type="cond" truecount="0" falsecount="2"/>
        <line num="60" count="15" type="stmt"/>
        <line num="61" count="0" type="stmt"/>
        <line num="62" count="0" type="stmt"/>
        <line num="63" count="0" type="stmt"/>
        <line num="64" count="0" type="cond" truecount="0" falsecount="2"/>
        <line num="67" count="15" type="stmt"/>
        <line num="68" count="0" type="stmt"/>
        <line num="69" count="0" type="stmt"/>
        <line num="70" count="0" type="stmt"/>
        <line num="71" count="0" type="stmt"/>
        <line num="72" count="0" type="stmt"/>
        <line num="75" count="15" type="stmt"/>
        <line num="83" count="0" type="stmt"/>
        <line num="84" count="0" type="stmt"/>
        <line num="86" count="0" type="stmt"/>
        <line num="90" count="0" type="cond" truecount="0" falsecount="4"/>
        <line num="91" count="0" type="stmt"/>
        <line num="92" count="0" type="stmt"/>
      </file>
      <file name="WizardShell.tsx" path="C:\Dev\montgowork\frontend\src\components\wizard\WizardShell.tsx">
        <metrics statements="32" coveredstatements="31" conditionals="40" coveredconditionals="36" methods="11" coveredmethods="11"/>
        <line num="25" count="183" type="stmt"/>
        <line num="26" count="183" type="stmt"/>
        <line num="27" count="183" type="stmt"/>
        <line num="28" count="183" type="stmt"/>
        <line num="29" count="183" type="stmt"/>
        <line num="30" count="183" type="stmt"/>
        <line num="33" count="183" type="stmt"/>
        <line num="34" count="30" type="stmt"/>
        <line num="38" count="183" type="stmt"/>
        <line num="39" count="74" type="cond" truecount="2" falsecount="0"/>
        <line num="40" count="26" type="stmt"/>
        <line num="41" count="26" type="stmt"/>
        <line num="43" count="48" type="stmt"/>
        <line num="44" count="47" type="stmt"/>
        <line num="46" count="48" type="stmt"/>
        <line num="48" count="183" type="stmt"/>
        <line num="49" count="183" type="stmt"/>
        <line num="50" count="183" type="stmt"/>
        <line num="51" count="183" type="stmt"/>
        <line num="52" count="183" type="cond" truecount="2" falsecount="0"/>
        <line num="55" count="47" type="cond" truecount="1" falsecount="1"/>
        <line num="56" count="47" type="cond" truecount="1" falsecount="1"/>
        <line num="57" count="0" type="stmt"/>
        <line num="59" count="47" type="stmt"/>
        <line num="60" count="47" type="stmt"/>
        <line num="65" count="1" type="cond" truecount="1" falsecount="1"/>
        <line num="66" count="1" type="stmt"/>
        <line num="67" count="1" type="stmt"/>
        <line num="71" count="183" type="stmt"/>
        <line num="76" count="1037" type="stmt"/>
        <line num="77" count="1037" type="stmt"/>
        <line num="78" count="1037" type="stmt"/>
      </file>
    </package>
    <package name="hooks">
      <metrics statements="39" coveredstatements="19" conditionals="25" coveredconditionals="4" methods="12" coveredmethods="7"/>
      <file name="useBarrierIntelStream.ts" path="C:\Dev\montgowork\frontend\src\hooks\useBarrierIntelStream.ts">
        <metrics statements="26" coveredstatements="6" conditionals="21" coveredconditionals="0" methods="6" coveredmethods="1"/>
        <line num="9" count="26" type="stmt"/>
        <line num="10" count="26" type="stmt"/>
        <line num="11" count="26" type="stmt"/>
        <line num="12" count="26" type="stmt"/>
        <line num="14" count="26" type="stmt"/>
        <line num="16" count="0" type="cond" truecount="0" falsecount="4"/>
        <line num="17" count="0" type="stmt"/>
        <line num="18" count="0" type="stmt"/>
        <line num="19" count="0" type="stmt"/>
        <line num="20" count="0" type="stmt"/>
        <line num="22" count="0" type="stmt"/>
        <line num="23" count="0" type="stmt"/>
        <line num="24" count="0" type="cond" truecount="0" falsecount="2"/>
        <line num="25" count="0" type="cond" truecount="0" falsecount="4"/>
        <line num="26" count="0" type="cond" truecount="0" falsecount="4"/>
        <line num="27" count="0" type="stmt"/>
        <line num="28" count="0" type="stmt"/>
        <line num="29" count="0" type="stmt"/>
        <line num="30" count="0" type="cond" truecount="0" falsecount="2"/>
        <line num="31" count="0" type="stmt"/>
        <line num="33" count="0" type="stmt"/>
        <line num="35" count="0" type="cond" truecount="0" falsecount="2"/>
        <line num="36" count="0" type="stmt"/>
        <line num="40" count="0" type="cond" truecount="0" falsecount="2"/>
        <line num="41" count="0" type="stmt"/>
        <line num="47" count="26" type="stmt"/>
      </file>
      <file name="useDemoMode.ts" path="C:\Dev\montgowork\frontend\src\hooks\useDemoMode.ts">
        <metrics statements="4" coveredstatements="4" conditionals="2" coveredconditionals="2" methods="1" coveredmethods="1"/>
        <line num="8" count="105" type="stmt"/>
        <line num="9" count="105" type="stmt"/>
        <line num="11" count="105" type="cond" truecount="2" falsecount="0"/>
        <line num="13" count="3" type="stmt"/>
      </file>
      <file name="useHaptic.ts" path="C:\Dev\montgowork\frontend\src\hooks\useHaptic.ts">
        <metrics statements="9" coveredstatements="9" conditionals="2" coveredconditionals="2" methods="5" coveredmethods="5"/>
        <line num="7" count="27" type="stmt"/>
        <line num="9" count="27" type="stmt"/>
        <line num="11" count="19" type="cond" truecount="2" falsecount="0"/>
        <line num="12" count="16" type="stmt"/>
        <line num="13" count="16" type="stmt"/>
        <line num="21" count="27" type="stmt"/>
        <line num="22" count="13" type="stmt"/>
        <line num="23" count="3" type="stmt"/>
        <line num="24" count="3" type="stmt"/>
      </file>
    </package>
    <package name="lib">
      <metrics statements="117" coveredstatements="65" conditionals="83" coveredconditionals="44" methods="33" coveredmethods="18"/>
      <file name="api.ts" path="C:\Dev\montgowork\frontend\src\lib\api.ts">
        <metrics statements="52" coveredstatements="1" conditionals="36" coveredconditionals="2" methods="15" coveredmethods="0"/>
        <line num="19" count="2" type="cond" truecount="2" falsecount="0"/>
        <line num="22" count="0" type="cond" truecount="0" falsecount="2"/>
        <line num="26" count="0" type="stmt"/>
        <line num="27" count="0" type="cond" truecount="0" falsecount="2"/>
        <line num="28" count="0" type="stmt"/>
        <line num="30" count="0" type="stmt"/>
        <line num="31" count="0" type="stmt"/>
        <line num="32" count="0" type="stmt"/>
        <line num="33" count="0" type="stmt"/>
        <line num="38" count="0" type="cond" truecount="0" falsecount="2"/>
        <line num="39" count="0" type="stmt"/>
        <line num="40" count="0" type="cond" truecount="0" falsecount="2"/>
        <line num="42" count="0" type="stmt"/>
        <line num="44" count="0" type="stmt"/>
        <line num="49" count="0" type="stmt"/>
        <line num="53" count="0" type="stmt"/>
        <line num="57" count="0" type="stmt"/>
        <line num="65" count="0" type="stmt"/>
        <line num="66" count="0" type="cond" truecount="0" falsecount="2"/>
        <line num="67" count="0" type="cond" truecount="0" falsecount="2"/>
        <line num="68" count="0" type="cond" truecount="0" falsecount="2"/>
        <line num="69" count="0" type="stmt"/>
        <line num="70" count="0" type="cond" truecount="0" falsecount="2"/>
        <line num="74" count="0" type="stmt"/>
        <line num="78" count="0" type="stmt"/>
        <line num="82" count="0" type="stmt"/>
        <line num="86" count="0" type="stmt"/>
        <line num="90" count="0" type="stmt"/>
        <line num="99" count="0" type="stmt"/>
        <line num="104" count="0" type="cond" truecount="0" falsecount="2"/>
        <line num="105" count="0" type="stmt"/>
        <line num="106" count="0" type="cond" truecount="0" falsecount="2"/>
        <line num="109" count="0" type="cond" truecount="0" falsecount="2"/>
        <line num="110" count="0" type="cond" truecount="0" falsecount="2"/>
        <line num="111" count="0" type="stmt"/>
        <line num="112" count="0" type="stmt"/>
        <line num="113" count="0" type="stmt"/>
        <line num="114" count="0" type="stmt"/>
        <line num="117" count="0" type="stmt"/>
        <line num="118" count="0" type="cond" truecount="0" falsecount="2"/>
        <line num="119" count="0" type="stmt"/>
        <line num="120" count="0" type="stmt"/>
        <line num="121" count="0" type="stmt"/>
        <line num="122" count="0" type="stmt"/>
        <line num="123" count="0" type="cond" truecount="0" falsecount="2"/>
        <line num="124" count="0" type="stmt"/>
        <line num="125" count="0" type="stmt"/>
        <line num="126" count="0" type="cond" truecount="0" falsecount="2"/>
        <line num="127" count="0" type="stmt"/>
        <line num="128" count="0" type="cond" truecount="0" falsecount="2"/>
        <line num="129" count="0" type="stmt"/>
        <line num="130" count="0" type="stmt"/>
      </file>
      <file name="constants.ts" path="C:\Dev\montgowork\frontend\src\lib\constants.ts">
        <metrics statements="23" coveredstatements="22" conditionals="12" coveredconditionals="8" methods="6" coveredmethods="6"/>
        <line num="13" count="18" type="stmt"/>
        <line num="16" count="101" type="stmt"/>
        <line num="20" count="27" type="cond" truecount="1" falsecount="1"/>
        <line num="21" count="27" type="cond" truecount="1" falsecount="1"/>
        <line num="22" count="27" type="stmt"/>
        <line num="26" count="29" type="stmt"/>
        <line num="30" count="35" type="stmt"/>
        <line num="34" count="6" type="stmt"/>
        <line num="35" count="6" type="stmt"/>
        <line num="36" count="6" type="cond" truecount="2" falsecount="2"/>
        <line num="38" count="0" type="stmt"/>
        <line num="42" count="18" type="stmt"/>
        <line num="48" count="18" type="stmt"/>
        <line num="58" count="18" type="stmt"/>
        <line num="64" count="18" type="stmt"/>
        <line num="71" count="29" type="cond" truecount="2" falsecount="0"/>
        <line num="72" count="19" type="stmt"/>
        <line num="73" count="19" type="cond" truecount="2" falsecount="0"/>
        <line num="76" count="18" type="stmt"/>
        <line num="83" count="18" type="stmt"/>
        <line num="93" count="18" type="stmt"/>
        <line num="99" count="18" type="stmt"/>
        <line num="107" count="18" type="stmt"/>
      </file>
      <file name="motion.tsx" path="C:\Dev\montgowork\frontend\src\lib\motion.tsx">
        <metrics statements="35" coveredstatements="35" conditionals="35" coveredconditionals="34" methods="11" coveredmethods="11"/>
        <line num="10" count="13" type="stmt"/>
        <line num="24" count="12" type="stmt"/>
        <line num="27" count="66" type="stmt"/>
        <line num="28" count="66" type="stmt"/>
        <line num="29" count="66" type="stmt"/>
        <line num="30" count="66" type="cond" truecount="2" falsecount="0"/>
        <line num="31" count="42" type="stmt"/>
        <line num="32" count="42" type="stmt"/>
        <line num="48" count="29" type="stmt"/>
        <line num="49" count="29" type="cond" truecount="2" falsecount="0"/>
        <line num="50" count="21" type="stmt"/>
        <line num="65" count="48" type="stmt"/>
        <line num="66" count="48" type="cond" truecount="2" falsecount="0"/>
        <line num="67" count="28" type="stmt"/>
        <line num="88" count="20" type="stmt"/>
        <line num="89" count="20" type="stmt"/>
        <line num="90" count="20" type="stmt"/>
        <line num="91" count="40" type="stmt"/>
        <line num="92" count="20" type="stmt"/>
        <line num="94" count="20" type="cond" truecount="2" falsecount="0"/>
        <line num="95" count="19" type="stmt"/>
        <line num="97" count="1" type="stmt"/>
        <line num="103" count="8" type="stmt"/>
        <line num="104" count="8" type="cond" truecount="2" falsecount="0"/>
        <line num="105" count="1" type="stmt"/>
        <line num="106" count="1" type="stmt"/>
        <line num="109" count="2" type="stmt"/>
        <line num="124" count="4" type="stmt"/>
        <line num="125" count="4" type="cond" truecount="2" falsecount="0"/>
        <line num="126" count="3" type="stmt"/>
        <line num="127" count="3" type="stmt"/>
        <line num="142" count="134" type="stmt"/>
        <line num="143" count="134" type="cond" truecount="2" falsecount="0"/>
        <line num="144" count="13" type="cond" truecount="2" falsecount="0"/>
        <line num="146" count="121" type="stmt"/>
      </file>
      <file name="types.ts" path="C:\Dev\montgowork\frontend\src\lib\types.ts">
        <metrics statements="6" coveredstatements="6" conditionals="0" coveredconditionals="0" methods="0" coveredmethods="0"/>
        <line num="5" count="14" type="stmt"/>
        <line num="16" count="14" type="stmt"/>
        <line num="23" count="14" type="stmt"/>
        <line num="30" count="14" type="stmt"/>
        <line num="38" count="14" type="stmt"/>
        <line num="303" count="14" type="stmt"/>
      </file>
      <file name="utils.ts" path="C:\Dev\montgowork\frontend\src\lib\utils.ts">
        <metrics statements="1" coveredstatements="1" conditionals="0" coveredconditionals="0" methods="1" coveredmethods="1"/>
        <line num="5" count="6304" type="stmt"/>
      </file>
    </package>
    <package name="lib.resume">
      <metrics statements="32" coveredstatements="32" conditionals="18" coveredconditionals="16" methods="4" coveredmethods="4"/>
      <file name="extract.ts" path="C:\Dev\montgowork\frontend\src\lib\resume\extract.ts">
        <metrics statements="32" coveredstatements="32" conditionals="18" coveredconditionals="16" methods="4" coveredmethods="4"/>
        <line num="3" count="1" type="stmt"/>
        <line num="6" count="8" type="stmt"/>
        <line num="10" count="17" type="cond" truecount="1" falsecount="1"/>
        <line num="11" count="17" type="stmt"/>
        <line num="13" count="17" type="cond" truecount="4" falsecount="0"/>
        <line num="14" count="10" type="cond" truecount="2" falsecount="0"/>
        <line num="18" count="5" type="stmt"/>
        <line num="19" count="5" type="stmt"/>
        <line num="23" count="3" type="stmt"/>
        <line num="29" count="9" type="stmt"/>
        <line num="31" count="9" type="cond" truecount="2" falsecount="0"/>
        <line num="32" count="3" type="stmt"/>
        <line num="33" count="3" type="stmt"/>
        <line num="41" count="6" type="cond" truecount="2" falsecount="0"/>
        <line num="42" count="2" type="stmt"/>
        <line num="43" count="2" type="stmt"/>
        <line num="44" count="2" type="stmt"/>
        <line num="45" count="1" type="stmt"/>
        <line num="52" count="1" type="stmt"/>
        <line num="57" count="4" type="stmt"/>
        <line num="58" count="4" type="stmt"/>
        <line num="59" count="4" type="stmt"/>
        <line num="60" count="3" type="stmt"/>
        <line num="62" count="3" type="cond" truecount="2" falsecount="0"/>
        <line num="63" count="1" type="stmt"/>
        <line num="72" count="2" type="stmt"/>
        <line num="73" count="2" type="stmt"/>
        <line num="74" count="2" type="stmt"/>
        <line num="75" count="1" type="stmt"/>
        <line num="76" count="1" type="stmt"/>
        <line num="84" count="1" type="stmt"/>
        <line num="92" count="1" type="stmt"/>
      </file>
    </package>
  </project>
</coverage>
