{"C:\\Dev\\montgowork\\frontend\\src\\app\\page.tsx": {"path":"C:\\Dev\\montgowork\\frontend\\src\\app\\page.tsx","statementMap":{"0":{"start":{"line":12,"column":19},"end":{"line":28,"column":null}},"1":{"start":{"line":30,"column":14},"end":{"line":34,"column":null}},"2":{"start":{"line":37,"column":2},"end":{"line":128,"column":null}},"3":{"start":{"line":70,"column":27},"end":{"line":70,"column":null}},"4":{"start":{"line":71,"column":14},"end":{"line":85,"column":null}},"5":{"start":{"line":103,"column":14},"end":{"line":108,"column":null}}},"fnMap":{"0":{"name":"Home","decl":{"start":{"line":36,"column":24},"end":{"line":36,"column":31}},"loc":{"start":{"line":36,"column":31},"end":{"line":130,"column":null}},"line":36},"1":{"name":"(anonymous_1)","decl":{"start":{"line":69,"column":28},"end":{"line":69,"column":29}},"loc":{"start":{"line":69,"column":41},"end":{"line":87,"column":13}},"line":69},"2":{"name":"(anonymous_2)","decl":{"start":{"line":102,"column":23},"end":{"line":102,"column":24}},"loc":{"start":{"line":103,"column":14},"end":{"line":108,"column":null}},"line":103}},"branchMap":{},"s":{"0":1,"1":1,"2":6,"3":18,"4":18,"5":18},"f":{"0":6,"1":18,"2":18},"b":{},"meta":{"lastBranch":0,"lastFunction":3,"lastStatement":6,"seen":{"s:12:19:28:Infinity":0,"s:30:14:34:Infinity":1,"f:36:24:36:31":0,"s:37:2:128:Infinity":2,"f:69:28:69:29":1,"s:70:27:70:Infinity":3,"s:71:14:85:Infinity":4,"f:102:23:102:24":2,"s:103:14:108:Infinity":5}}}
,"C:\\Dev\\montgowork\\frontend\\src\\app\\assess\\ReviewStep.tsx": {"path":"C:\\Dev\\montgowork\\frontend\\src\\app\\assess\\ReviewStep.tsx","statementMap":{"0":{"start":{"line":30,"column":2},"end":{"line":128,"column":null}},"1":{"start":{"line":62,"column":27},"end":{"line":62,"column":null}},"2":{"start":{"line":88,"column":35},"end":{"line":88,"column":36}},"3":{"start":{"line":90,"column":18},"end":{"line":92,"column":null}}},"fnMap":{"0":{"name":"ReviewStep","decl":{"start":{"line":20,"column":16},"end":{"line":20,"column":27}},"loc":{"start":{"line":29,"column":20},"end":{"line":130,"column":null}},"line":29},"1":{"name":"(anonymous_1)","decl":{"start":{"line":62,"column":20},"end":{"line":62,"column":21}},"loc":{"start":{"line":62,"column":27},"end":{"line":62,"column":null}},"line":62},"2":{"name":"(anonymous_2)","decl":{"start":{"line":88,"column":24},"end":{"line":88,"column":25}},"loc":{"start":{"line":88,"column":35},"end":{"line":88,"column":36}},"line":88},"3":{"name":"(anonymous_3)","decl":{"start":{"line":89,"column":21},"end":{"line":89,"column":22}},"loc":{"start":{"line":90,"column":18},"end":{"line":92,"column":null}},"line":90}},"branchMap":{"0":{"loc":{"start":{"line":39,"column":7},"end":{"line":53,"column":null}},"type":"cond-expr","locations":[{"start":{"line":40,"column":8},"end":{"line":52,"column":null}},{"start":{"line":53,"column":10},"end":{"line":53,"column":null}}],"line":39},"1":{"loc":{"start":{"line":47,"column":11},"end":{"line":50,"column":null}},"type":"cond-expr","locations":[{"start":{"line":48,"column":12},"end":{"line":48,"column":null}},{"start":{"line":50,"column":12},"end":{"line":50,"column":null}}],"line":47},"2":{"loc":{"start":{"line":57,"column":24},"end":{"line":57,"column":null}},"type":"cond-expr","locations":[{"start":{"line":57,"column":36},"end":{"line":57,"column":68}},{"start":{"line":57,"column":68},"end":{"line":57,"column":null}}],"line":57},"3":{"loc":{"start":{"line":63,"column":23},"end":{"line":65,"column":null}},"type":"cond-expr","locations":[{"start":{"line":64,"column":14},"end":{"line":64,"column":null}},{"start":{"line":65,"column":14},"end":{"line":65,"column":null}}],"line":63},"4":{"loc":{"start":{"line":67,"column":16},"end":{"line":67,"column":null}},"type":"cond-expr","locations":[{"start":{"line":67,"column":28},"end":{"line":67,"column":32}},{"start":{"line":67,"column":32},"end":{"line":67,"column":null}}],"line":67},"5":{"loc":{"start":{"line":98,"column":43},"end":{"line":98,"column":78}},"type":"cond-expr","locations":[{"start":{"line":98,"column":65},"end":{"line":98,"column":73}},{"start":{"line":98,"column":73},"end":{"line":98,"column":78}}],"line":98},"6":{"loc":{"start":{"line":104,"column":11},"end":{"line":108,"column":null}},"type":"binary-expr","locations":[{"start":{"line":104,"column":11},"end":{"line":104,"column":null}},{"start":{"line":105,"column":12},"end":{"line":108,"column":null}}],"line":104},"7":{"loc":{"start":{"line":110,"column":11},"end":{"line":114,"column":null}},"type":"binary-expr","locations":[{"start":{"line":110,"column":11},"end":{"line":110,"column":null}},{"start":{"line":111,"column":12},"end":{"line":114,"column":null}}],"line":110},"8":{"loc":{"start":{"line":119,"column":7},"end":{"line":123,"column":null}},"type":"binary-expr","locations":[{"start":{"line":119,"column":7},"end":{"line":119,"column":null}},{"start":{"line":120,"column":8},"end":{"line":123,"column":null}}],"line":119},"9":{"loc":{"start":{"line":125,"column":7},"end":{"line":126,"column":null}},"type":"binary-expr","locations":[{"start":{"line":125,"column":7},"end":{"line":125,"column":null}},{"start":{"line":126,"column":8},"end":{"line":126,"column":null}}],"line":125}},"s":{"0":1,"1":0,"2":7,"3":1},"f":{"0":1,"1":0,"2":7,"3":1},"b":{"0":[0,1],"1":[0,0],"2":[0,1],"3":[0,1],"4":[0,1],"5":[0,1],"6":[1,0],"7":[1,0],"8":[1,0],"9":[1,0]},"meta":{"lastBranch":10,"lastFunction":4,"lastStatement":4,"seen":{"f:20:16:20:27":0,"s:30:2:128:Infinity":0,"b:40:8:52:Infinity:53:10:53:Infinity":0,"b:48:12:48:Infinity:50:12:50:Infinity":1,"b:57:36:57:68:57:68:57:Infinity":2,"f:62:20:62:21":1,"s:62:27:62:Infinity":1,"b:64:14:64:Infinity:65:14:65:Infinity":3,"b:67:28:67:32:67:32:67:Infinity":4,"f:88:24:88:25":2,"s:88:35:88:36":2,"f:89:21:89:22":3,"s:90:18:92:Infinity":3,"b:98:65:98:73:98:73:98:78":5,"b:104:11:104:Infinity:105:12:108:Infinity":6,"b:110:11:110:Infinity:111:12:114:Infinity":7,"b:119:7:119:Infinity:120:8:123:Infinity":8,"b:125:7:125:Infinity:126:8:126:Infinity":9}}}
,"C:\\Dev\\montgowork\\frontend\\src\\app\\assess\\page.tsx": {"path":"C:\\Dev\\montgowork\\frontend\\src\\app\\assess\\page.tsx","statementMap":{"0":{"start":{"line":28,"column":43},"end":{"line":37,"column":null}},"1":{"start":{"line":32,"column":40},"end":{"line":32,"column":50}},"2":{"start":{"line":40,"column":8},"end":{"line":40,"column":null}},"3":{"start":{"line":41,"column":8},"end":{"line":41,"column":null}},"4":{"start":{"line":43,"column":30},"end":{"line":43,"column":null}},"5":{"start":{"line":43,"column":66},"end":{"line":43,"column":95}},"6":{"start":{"line":44,"column":34},"end":{"line":44,"column":null}},"7":{"start":{"line":45,"column":46},"end":{"line":45,"column":null}},"8":{"start":{"line":46,"column":42},"end":{"line":46,"column":null}},"9":{"start":{"line":47,"column":34},"end":{"line":56,"column":null}},"10":{"start":{"line":57,"column":38},"end":{"line":57,"column":null}},"11":{"start":{"line":58,"column":24},"end":{"line":58,"column":null}},"12":{"start":{"line":60,"column":8},"end":{"line":60,"column":null}},"13":{"start":{"line":61,"column":23},"end":{"line":61,"column":null}},"14":{"start":{"line":62,"column":27},"end":{"line":62,"column":null}},"15":{"start":{"line":63,"column":20},"end":{"line":63,"column":null}},"16":{"start":{"line":64,"column":8},"end":{"line":64,"column":null}},"17":{"start":{"line":64,"column":40},"end":{"line":64,"column":88}},"18":{"start":{"line":66,"column":8},"end":{"line":80,"column":null}},"19":{"start":{"line":69,"column":6},"end":{"line":71,"column":null}},"20":{"start":{"line":70,"column":8},"end":{"line":70,"column":null}},"21":{"start":{"line":72,"column":6},"end":{"line":74,"column":null}},"22":{"start":{"line":73,"column":8},"end":{"line":73,"column":null}},"23":{"start":{"line":75,"column":6},"end":{"line":75,"column":null}},"24":{"start":{"line":78,"column":6},"end":{"line":78,"column":null}},"25":{"start":{"line":83,"column":8},"end":{"line":83,"column":null}},"26":{"start":{"line":84,"column":2},"end":{"line":84,"column":null}},"27":{"start":{"line":86,"column":8},"end":{"line":125,"column":null}},"28":{"start":{"line":87,"column":4},"end":{"line":87,"column":null}},"29":{"start":{"line":90,"column":4},"end":{"line":107,"column":null}},"30":{"start":{"line":91,"column":6},"end":{"line":106,"column":null}},"31":{"start":{"line":92,"column":25},"end":{"line":92,"column":null}},"32":{"start":{"line":92,"column":56},"end":{"line":92,"column":94}},"33":{"start":{"line":93,"column":23},"end":{"line":101,"column":null}},"34":{"start":{"line":102,"column":8},"end":{"line":102,"column":null}},"35":{"start":{"line":103,"column":8},"end":{"line":103,"column":null}},"36":{"start":{"line":105,"column":8},"end":{"line":105,"column":null}},"37":{"start":{"line":109,"column":39},"end":{"line":123,"column":null}},"38":{"start":{"line":124,"column":4},"end":{"line":124,"column":null}},"39":{"start":{"line":127,"column":8},"end":{"line":313,"column":null}},"40":{"start":{"line":127,"column":50},"end":{"line":313,"column":5}},"41":{"start":{"line":131,"column":24},"end":{"line":131,"column":null}},"42":{"start":{"line":133,"column":8},"end":{"line":187,"column":null}},"43":{"start":{"line":148,"column":33},"end":{"line":148,"column":null}},"44":{"start":{"line":161,"column":38},"end":{"line":161,"column":null}},"45":{"start":{"line":168,"column":20},"end":{"line":170,"column":null}},"46":{"start":{"line":181,"column":44},"end":{"line":181,"column":null}},"47":{"start":{"line":193,"column":24},"end":{"line":193,"column":null}},"48":{"start":{"line":195,"column":8},"end":{"line":203,"column":null}},"49":{"start":{"line":209,"column":24},"end":{"line":209,"column":null}},"50":{"start":{"line":211,"column":8},"end":{"line":224,"column":null}},"51":{"start":{"line":230,"column":24},"end":{"line":230,"column":null}},"52":{"start":{"line":232,"column":8},"end":{"line":256,"column":null}},"53":{"start":{"line":243,"column":36},"end":{"line":243,"column":null}},"54":{"start":{"line":262,"column":24},"end":{"line":262,"column":null}},"55":{"start":{"line":264,"column":8},"end":{"line":277,"column":null}},"56":{"start":{"line":283,"column":18},"end":{"line":283,"column":null}},"57":{"start":{"line":285,"column":8},"end":{"line":293,"column":null}},"58":{"start":{"line":299,"column":18},"end":{"line":299,"column":null}},"59":{"start":{"line":301,"column":8},"end":{"line":310,"column":null}},"60":{"start":{"line":309,"column":38},"end":{"line":309,"column":null}},"61":{"start":{"line":315,"column":2},"end":{"line":331,"column":null}}},"fnMap":{"0":{"name":"(anonymous_0)","decl":{"start":{"line":32,"column":35},"end":{"line":32,"column":40}},"loc":{"start":{"line":32,"column":40},"end":{"line":32,"column":50}},"line":32},"1":{"name":"AssessPage","decl":{"start":{"line":39,"column":24},"end":{"line":39,"column":37}},"loc":{"start":{"line":39,"column":37},"end":{"line":333,"column":null}},"line":39},"2":{"name":"(anonymous_2)","decl":{"start":{"line":43,"column":60},"end":{"line":43,"column":66}},"loc":{"start":{"line":43,"column":66},"end":{"line":43,"column":95}},"line":43},"3":{"name":"(anonymous_3)","decl":{"start":{"line":64,"column":34},"end":{"line":64,"column":40}},"loc":{"start":{"line":64,"column":40},"end":{"line":64,"column":88}},"line":64},"4":{"name":"(anonymous_4)","decl":{"start":{"line":68,"column":15},"end":{"line":68,"column":16}},"loc":{"start":{"line":68,"column":25},"end":{"line":76,"column":null}},"line":68},"5":{"name":"(anonymous_5)","decl":{"start":{"line":77,"column":13},"end":{"line":77,"column":19}},"loc":{"start":{"line":77,"column":19},"end":{"line":79,"column":null}},"line":77},"6":{"name":"(anonymous_6)","decl":{"start":{"line":86,"column":35},"end":{"line":86,"column":47}},"loc":{"start":{"line":86,"column":47},"end":{"line":125,"column":5}},"line":86},"7":{"name":"(anonymous_7)","decl":{"start":{"line":92,"column":49},"end":{"line":92,"column":50}},"loc":{"start":{"line":92,"column":56},"end":{"line":92,"column":94}},"line":92},"8":{"name":"(anonymous_8)","decl":{"start":{"line":127,"column":44},"end":{"line":127,"column":50}},"loc":{"start":{"line":127,"column":50},"end":{"line":313,"column":5}},"line":127},"9":{"name":"(anonymous_9)","decl":{"start":{"line":131,"column":18},"end":{"line":131,"column":24}},"loc":{"start":{"line":131,"column":24},"end":{"line":131,"column":null}},"line":131},"10":{"name":"(anonymous_10)","decl":{"start":{"line":132,"column":15},"end":{"line":132,"column":null}},"loc":{"start":{"line":133,"column":8},"end":{"line":187,"column":null}},"line":133},"11":{"name":"(anonymous_11)","decl":{"start":{"line":148,"column":26},"end":{"line":148,"column":27}},"loc":{"start":{"line":148,"column":33},"end":{"line":148,"column":null}},"line":148},"12":{"name":"(anonymous_12)","decl":{"start":{"line":161,"column":31},"end":{"line":161,"column":32}},"loc":{"start":{"line":161,"column":38},"end":{"line":161,"column":null}},"line":161},"13":{"name":"(anonymous_13)","decl":{"start":{"line":167,"column":42},"end":{"line":167,"column":43}},"loc":{"start":{"line":168,"column":20},"end":{"line":170,"column":null}},"line":168},"14":{"name":"(anonymous_14)","decl":{"start":{"line":181,"column":31},"end":{"line":181,"column":32}},"loc":{"start":{"line":181,"column":44},"end":{"line":181,"column":null}},"line":181},"15":{"name":"(anonymous_15)","decl":{"start":{"line":193,"column":18},"end":{"line":193,"column":24}},"loc":{"start":{"line":193,"column":24},"end":{"line":193,"column":null}},"line":193},"16":{"name":"(anonymous_16)","decl":{"start":{"line":194,"column":15},"end":{"line":194,"column":null}},"loc":{"start":{"line":195,"column":8},"end":{"line":203,"column":null}},"line":195},"17":{"name":"(anonymous_17)","decl":{"start":{"line":209,"column":18},"end":{"line":209,"column":24}},"loc":{"start":{"line":209,"column":24},"end":{"line":209,"column":null}},"line":209},"18":{"name":"(anonymous_18)","decl":{"start":{"line":210,"column":15},"end":{"line":210,"column":null}},"loc":{"start":{"line":211,"column":8},"end":{"line":224,"column":null}},"line":211},"19":{"name":"(anonymous_19)","decl":{"start":{"line":230,"column":18},"end":{"line":230,"column":24}},"loc":{"start":{"line":230,"column":24},"end":{"line":230,"column":null}},"line":230},"20":{"name":"(anonymous_20)","decl":{"start":{"line":231,"column":15},"end":{"line":231,"column":null}},"loc":{"start":{"line":232,"column":8},"end":{"line":256,"column":null}},"line":232},"21":{"name":"(anonymous_21)","decl":{"start":{"line":243,"column":29},"end":{"line":243,"column":30}},"loc":{"start":{"line":243,"column":36},"end":{"line":243,"column":null}},"line":243},"22":{"name":"(anonymous_22)","decl":{"start":{"line":262,"column":18},"end":{"line":262,"column":24}},"loc":{"start":{"line":262,"column":24},"end":{"line":262,"column":null}},"line":262},"23":{"name":"(anonymous_23)","decl":{"start":{"line":263,"column":15},"end":{"line":263,"column":null}},"loc":{"start":{"line":264,"column":8},"end":{"line":277,"column":null}},"line":264},"24":{"name":"(anonymous_24)","decl":{"start":{"line":283,"column":18},"end":{"line":283,"column":24}},"loc":{"start":{"line":283,"column":18},"end":{"line":283,"column":null}},"line":283},"25":{"name":"(anonymous_25)","decl":{"start":{"line":284,"column":15},"end":{"line":284,"column":null}},"loc":{"start":{"line":285,"column":8},"end":{"line":293,"column":null}},"line":285},"26":{"name":"(anonymous_26)","decl":{"start":{"line":299,"column":18},"end":{"line":299,"column":25}},"loc":{"start":{"line":299,"column":18},"end":{"line":299,"column":null}},"line":299},"27":{"name":"(anonymous_27)","decl":{"start":{"line":300,"column":15},"end":{"line":300,"column":null}},"loc":{"start":{"line":301,"column":8},"end":{"line":310,"column":null}},"line":301},"28":{"name":"(anonymous_28)","decl":{"start":{"line":309,"column":31},"end":{"line":309,"column":32}},"loc":{"start":{"line":309,"column":38},"end":{"line":309,"column":null}},"line":309}},"branchMap":{"0":{"loc":{"start":{"line":43,"column":66},"end":{"line":43,"column":95}},"type":"binary-expr","locations":[{"start":{"line":43,"column":66},"end":{"line":43,"column":78}},{"start":{"line":43,"column":78},"end":{"line":43,"column":95}}],"line":43},"1":{"loc":{"start":{"line":69,"column":6},"end":{"line":71,"column":null}},"type":"if","locations":[{"start":{"line":69,"column":6},"end":{"line":71,"column":null}},{"start":{},"end":{}}],"line":69},"2":{"loc":{"start":{"line":72,"column":6},"end":{"line":74,"column":null}},"type":"if","locations":[{"start":{"line":72,"column":6},"end":{"line":74,"column":null}},{"start":{},"end":{}}],"line":72},"3":{"loc":{"start":{"line":90,"column":4},"end":{"line":107,"column":null}},"type":"if","locations":[{"start":{"line":90,"column":4},"end":{"line":107,"column":null}},{"start":{},"end":{}}],"line":90},"4":{"loc":{"start":{"line":90,"column":8},"end":{"line":90,"column":54}},"type":"binary-expr","locations":[{"start":{"line":90,"column":8},"end":{"line":90,"column":28}},{"start":{"line":90,"column":28},"end":{"line":90,"column":54}}],"line":90},"5":{"loc":{"start":{"line":99,"column":33},"end":{"line":99,"column":null}},"type":"binary-expr","locations":[{"start":{"line":99,"column":33},"end":{"line":99,"column":53}},{"start":{"line":99,"column":53},"end":{"line":99,"column":null}}],"line":99},"6":{"loc":{"start":{"line":120,"column":10},"end":{"line":120,"column":null}},"type":"cond-expr","locations":[{"start":{"line":120,"column":23},"end":{"line":120,"column":53}},{"start":{"line":120,"column":53},"end":{"line":120,"column":null}}],"line":120},"7":{"loc":{"start":{"line":121,"column":10},"end":{"line":121,"column":null}},"type":"cond-expr","locations":[{"start":{"line":121,"column":38},"end":{"line":121,"column":59}},{"start":{"line":121,"column":59},"end":{"line":121,"column":null}}],"line":121},"8":{"loc":{"start":{"line":122,"column":10},"end":{"line":122,"column":null}},"type":"cond-expr","locations":[{"start":{"line":122,"column":36},"end":{"line":122,"column":81}},{"start":{"line":122,"column":81},"end":{"line":122,"column":null}}],"line":122},"9":{"loc":{"start":{"line":152,"column":15},"end":{"line":153,"column":null}},"type":"binary-expr","locations":[{"start":{"line":152,"column":15},"end":{"line":152,"column":48}},{"start":{"line":152,"column":48},"end":{"line":152,"column":null}},{"start":{"line":153,"column":16},"end":{"line":153,"column":null}}],"line":152},"10":{"loc":{"start":{"line":219,"column":11},"end":{"line":222,"column":null}},"type":"binary-expr","locations":[{"start":{"line":219,"column":11},"end":{"line":219,"column":null}},{"start":{"line":220,"column":12},"end":{"line":222,"column":null}}],"line":219},"11":{"loc":{"start":{"line":280,"column":8},"end":{"line":295,"column":null}},"type":"cond-expr","locations":[{"start":{"line":280,"column":27},"end":{"line":295,"column":31}},{"start":{"line":295,"column":31},"end":{"line":295,"column":null}}],"line":280},"12":{"loc":{"start":{"line":299,"column":18},"end":{"line":299,"column":null}},"type":"binary-expr","locations":[{"start":{"line":299,"column":25},"end":{"line":299,"column":67}},{"start":{"line":299,"column":67},"end":{"line":299,"column":81}},{"start":{"line":299,"column":81},"end":{"line":299,"column":null}}],"line":299},"13":{"loc":{"start":{"line":328,"column":25},"end":{"line":328,"column":null}},"type":"cond-expr","locations":[{"start":{"line":328,"column":46},"end":{"line":328,"column":63}},{"start":{"line":328,"column":63},"end":{"line":328,"column":null}}],"line":328}},"s":{"0":4,"1":28,"2":101,"3":101,"4":101,"5":15,"6":101,"7":101,"8":101,"9":101,"10":101,"11":101,"12":101,"13":101,"14":101,"15":101,"16":101,"17":15,"18":101,"19":0,"20":0,"21":0,"22":0,"23":0,"24":0,"25":101,"26":101,"27":101,"28":0,"29":0,"30":0,"31":0,"32":0,"33":0,"34":0,"35":0,"36":0,"37":0,"38":0,"39":101,"40":101,"41":105,"42":105,"43":75,"44":0,"45":315,"46":0,"47":15,"48":15,"49":21,"50":21,"51":12,"52":12,"53":0,"54":7,"55":7,"56":0,"57":0,"58":1,"59":1,"60":0,"61":101},"f":{"0":28,"1":101,"2":15,"3":15,"4":0,"5":0,"6":0,"7":0,"8":101,"9":105,"10":105,"11":75,"12":0,"13":315,"14":0,"15":15,"16":15,"17":21,"18":21,"19":12,"20":12,"21":0,"22":7,"23":7,"24":0,"25":0,"26":1,"27":1,"28":0},"b":{"0":[15,15],"1":[0,0],"2":[0,0],"3":[0,0],"4":[0,0],"5":[0,0],"6":[0,0],"7":[0,0],"8":[0,0],"9":[105,15,0],"10":[21,11],"11":[4,97],"12":[1,1,0],"13":[0,101]},"meta":{"lastBranch":14,"lastFunction":29,"lastStatement":62,"seen":{"s:28:43:37:Infinity":0,"f:32:35:32:40":0,"s:32:40:32:50":1,"f:39:24:39:37":1,"s:40:8:40:Infinity":2,"s:41:8:41:Infinity":3,"s:43:30:43:Infinity":4,"f:43:60:43:66":2,"s:43:66:43:95":5,"b:43:66:43:78:43:78:43:95":0,"s:44:34:44:Infinity":6,"s:45:46:45:Infinity":7,"s:46:42:46:Infinity":8,"s:47:34:56:Infinity":9,"s:57:38:57:Infinity":10,"s:58:24:58:Infinity":11,"s:60:8:60:Infinity":12,"s:61:23:61:Infinity":13,"s:62:27:62:Infinity":14,"s:63:20:63:Infinity":15,"s:64:8:64:Infinity":16,"f:64:34:64:40":3,"s:64:40:64:88":17,"s:66:8:80:Infinity":18,"f:68:15:68:16":4,"b:69:6:71:Infinity:undefined:undefined:undefined:undefined":1,"s:69:6:71:Infinity":19,"s:70:8:70:Infinity":20,"b:72:6:74:Infinity:undefined:undefined:undefined:undefined":2,"s:72:6:74:Infinity":21,"s:73:8:73:Infinity":22,"s:75:6:75:Infinity":23,"f:77:13:77:19":5,"s:78:6:78:Infinity":24,"s:83:8:83:Infinity":25,"s:84:2:84:Infinity":26,"s:86:8:125:Infinity":27,"f:86:35:86:47":6,"s:87:4:87:Infinity":28,"b:90:4:107:Infinity:undefined:undefined:undefined:undefined":3,"s:90:4:107:Infinity":29,"b:90:8:90:28:90:28:90:54":4,"s:91:6:106:Infinity":30,"s:92:25:92:Infinity":31,"f:92:49:92:50":7,"s:92:56:92:94":32,"s:93:23:101:Infinity":33,"b:99:33:99:53:99:53:99:Infinity":5,"s:102:8:102:Infinity":34,"s:103:8:103:Infinity":35,"s:105:8:105:Infinity":36,"s:109:39:123:Infinity":37,"b:120:23:120:53:120:53:120:Infinity":6,"b:121:38:121:59:121:59:121:Infinity":7,"b:122:36:122:81:122:81:122:Infinity":8,"s:124:4:124:Infinity":38,"s:127:8:313:Infinity":39,"f:127:44:127:50":8,"s:127:50:313:5":40,"f:131:18:131:24":9,"s:131:24:131:Infinity":41,"f:132:15:132:Infinity":10,"s:133:8:187:Infinity":42,"f:148:26:148:27":11,"s:148:33:148:Infinity":43,"b:152:15:152:48:152:48:152:Infinity:153:16:153:Infinity":9,"f:161:31:161:32":12,"s:161:38:161:Infinity":44,"f:167:42:167:43":13,"s:168:20:170:Infinity":45,"f:181:31:181:32":14,"s:181:44:181:Infinity":46,"f:193:18:193:24":15,"s:193:24:193:Infinity":47,"f:194:15:194:Infinity":16,"s:195:8:203:Infinity":48,"f:209:18:209:24":17,"s:209:24:209:Infinity":49,"f:210:15:210:Infinity":18,"s:211:8:224:Infinity":50,"b:219:11:219:Infinity:220:12:222:Infinity":10,"f:230:18:230:24":19,"s:230:24:230:Infinity":51,"f:231:15:231:Infinity":20,"s:232:8:256:Infinity":52,"f:243:29:243:30":21,"s:243:36:243:Infinity":53,"f:262:18:262:24":22,"s:262:24:262:Infinity":54,"f:263:15:263:Infinity":23,"s:264:8:277:Infinity":55,"b:280:27:295:31:295:31:295:Infinity":11,"f:283:18:283:24":24,"s:283:18:283:Infinity":56,"f:284:15:284:Infinity":25,"s:285:8:293:Infinity":57,"f:299:18:299:25":26,"s:299:18:299:Infinity":58,"b:299:25:299:67:299:67:299:81:299:81:299:Infinity":12,"f:300:15:300:Infinity":27,"s:301:8:310:Infinity":59,"f:309:31:309:32":28,"s:309:38:309:Infinity":60,"s:315:2:331:Infinity":61,"b:328:46:328:63:328:63:328:Infinity":13}}}
,"C:\\Dev\\montgowork\\frontend\\src\\app\\credit\\page.tsx": {"path":"C:\\Dev\\montgowork\\frontend\\src\\app\\credit\\page.tsx","statementMap":{"0":{"start":{"line":13,"column":24},"end":{"line":13,"column":null}},"1":{"start":{"line":14,"column":36},"end":{"line":14,"column":null}},"2":{"start":{"line":15,"column":42},"end":{"line":15,"column":null}},"3":{"start":{"line":16,"column":34},"end":{"line":16,"column":null}},"4":{"start":{"line":17,"column":40},"end":{"line":17,"column":null}},"5":{"start":{"line":18,"column":38},"end":{"line":18,"column":null}},"6":{"start":{"line":19,"column":26},"end":{"line":19,"column":null}},"7":{"start":{"line":21,"column":8},"end":{"line":24,"column":null}},"8":{"start":{"line":23,"column":25},"end":{"line":23,"column":null}},"9":{"start":{"line":27,"column":4},"end":{"line":27,"column":null}},"10":{"start":{"line":28,"column":42},"end":{"line":36,"column":null}},"11":{"start":{"line":37,"column":4},"end":{"line":37,"column":null}},"12":{"start":{"line":40,"column":20},"end":{"line":40,"column":null}},"13":{"start":{"line":42,"column":2},"end":{"line":159,"column":null}},"14":{"start":{"line":52,"column":31},"end":{"line":52,"column":57}},"15":{"start":{"line":59,"column":31},"end":{"line":59,"column":63}},"16":{"start":{"line":66,"column":31},"end":{"line":66,"column":66}},"17":{"start":{"line":73,"column":31},"end":{"line":73,"column":62}},"18":{"start":{"line":81,"column":33},"end":{"line":81,"column":null}},"19":{"start":{"line":88,"column":33},"end":{"line":88,"column":null}},"20":{"start":{"line":100,"column":31},"end":{"line":100,"column":null}},"21":{"start":{"line":127,"column":18},"end":{"line":132,"column":null}},"22":{"start":{"line":141,"column":18},"end":{"line":146,"column":null}},"23":{"start":{"line":153,"column":53},"end":{"line":153,"column":70}}},"fnMap":{"0":{"name":"CreditPage","decl":{"start":{"line":12,"column":24},"end":{"line":12,"column":37}},"loc":{"start":{"line":12,"column":37},"end":{"line":161,"column":null}},"line":12},"1":{"name":"(anonymous_1)","decl":{"start":{"line":23,"column":15},"end":{"line":23,"column":16}},"loc":{"start":{"line":23,"column":25},"end":{"line":23,"column":null}},"line":23},"2":{"name":"handleSubmit","decl":{"start":{"line":26,"column":11},"end":{"line":26,"column":24}},"loc":{"start":{"line":26,"column":44},"end":{"line":38,"column":null}},"line":26},"3":{"name":"(anonymous_3)","decl":{"start":{"line":52,"column":24},"end":{"line":52,"column":25}},"loc":{"start":{"line":52,"column":31},"end":{"line":52,"column":57}},"line":52},"4":{"name":"(anonymous_4)","decl":{"start":{"line":59,"column":24},"end":{"line":59,"column":25}},"loc":{"start":{"line":59,"column":31},"end":{"line":59,"column":63}},"line":59},"5":{"name":"(anonymous_5)","decl":{"start":{"line":66,"column":24},"end":{"line":66,"column":25}},"loc":{"start":{"line":66,"column":31},"end":{"line":66,"column":66}},"line":66},"6":{"name":"(anonymous_6)","decl":{"start":{"line":73,"column":24},"end":{"line":73,"column":25}},"loc":{"start":{"line":73,"column":31},"end":{"line":73,"column":62}},"line":73},"7":{"name":"(anonymous_7)","decl":{"start":{"line":81,"column":26},"end":{"line":81,"column":27}},"loc":{"start":{"line":81,"column":33},"end":{"line":81,"column":null}},"line":81},"8":{"name":"(anonymous_8)","decl":{"start":{"line":88,"column":26},"end":{"line":88,"column":27}},"loc":{"start":{"line":88,"column":33},"end":{"line":88,"column":null}},"line":88},"9":{"name":"(anonymous_9)","decl":{"start":{"line":100,"column":25},"end":{"line":100,"column":31}},"loc":{"start":{"line":100,"column":31},"end":{"line":100,"column":null}},"line":100},"10":{"name":"(anonymous_10)","decl":{"start":{"line":126,"column":39},"end":{"line":126,"column":40}},"loc":{"start":{"line":127,"column":18},"end":{"line":132,"column":null}},"line":127},"11":{"name":"(anonymous_11)","decl":{"start":{"line":140,"column":40},"end":{"line":140,"column":41}},"loc":{"start":{"line":141,"column":18},"end":{"line":146,"column":null}},"line":141},"12":{"name":"(anonymous_12)","decl":{"start":{"line":153,"column":47},"end":{"line":153,"column":53}},"loc":{"start":{"line":153,"column":53},"end":{"line":153,"column":70}},"line":153}},"branchMap":{"0":{"loc":{"start":{"line":31,"column":22},"end":{"line":31,"column":null}},"type":"binary-expr","locations":[{"start":{"line":31,"column":22},"end":{"line":31,"column":53}},{"start":{"line":31,"column":53},"end":{"line":31,"column":null}}],"line":31},"1":{"loc":{"start":{"line":32,"column":21},"end":{"line":32,"column":null}},"type":"binary-expr","locations":[{"start":{"line":32,"column":21},"end":{"line":32,"column":51}},{"start":{"line":32,"column":51},"end":{"line":32,"column":null}}],"line":32},"2":{"loc":{"start":{"line":40,"column":20},"end":{"line":40,"column":null}},"type":"binary-expr","locations":[{"start":{"line":40,"column":20},"end":{"line":40,"column":29}},{"start":{"line":40,"column":29},"end":{"line":40,"column":44}},{"start":{"line":40,"column":44},"end":{"line":40,"column":62}},{"start":{"line":40,"column":62},"end":{"line":40,"column":null}}],"line":40},"3":{"loc":{"start":{"line":46,"column":7},"end":{"line":157,"column":null}},"type":"cond-expr","locations":[{"start":{"line":47,"column":8},"end":{"line":107,"column":null}},{"start":{"line":109,"column":8},"end":{"line":157,"column":null}}],"line":46},"4":{"loc":{"start":{"line":92,"column":42},"end":{"line":92,"column":null}},"type":"binary-expr","locations":[{"start":{"line":92,"column":42},"end":{"line":92,"column":56}},{"start":{"line":92,"column":56},"end":{"line":92,"column":null}}],"line":92},"5":{"loc":{"start":{"line":93,"column":13},"end":{"line":93,"column":null}},"type":"cond-expr","locations":[{"start":{"line":93,"column":34},"end":{"line":93,"column":51}},{"start":{"line":93,"column":51},"end":{"line":93,"column":null}}],"line":93},"6":{"loc":{"start":{"line":95,"column":11},"end":{"line":105,"column":null}},"type":"binary-expr","locations":[{"start":{"line":95,"column":11},"end":{"line":95,"column":null}},{"start":{"line":96,"column":12},"end":{"line":105,"column":null}}],"line":95},"7":{"loc":{"start":{"line":112,"column":14},"end":{"line":112,"column":null}},"type":"binary-expr","locations":[{"start":{"line":112,"column":14},"end":{"line":112,"column":102}},{"start":{"line":112,"column":102},"end":{"line":112,"column":null}}],"line":112},"8":{"loc":{"start":{"line":123,"column":13},"end":{"line":134,"column":null}},"type":"binary-expr","locations":[{"start":{"line":123,"column":13},"end":{"line":123,"column":null}},{"start":{"line":124,"column":14},"end":{"line":134,"column":null}}],"line":123},"9":{"loc":{"start":{"line":128,"column":34},"end":{"line":128,"column":56}},"type":"binary-expr","locations":[{"start":{"line":128,"column":34},"end":{"line":128,"column":54}},{"start":{"line":128,"column":54},"end":{"line":128,"column":56}}],"line":128},"10":{"loc":{"start":{"line":130,"column":23},"end":{"line":130,"column":null}},"type":"cond-expr","locations":[{"start":{"line":130,"column":39},"end":{"line":130,"column":47}},{"start":{"line":130,"column":47},"end":{"line":130,"column":null}}],"line":130},"11":{"loc":{"start":{"line":137,"column":13},"end":{"line":148,"column":null}},"type":"binary-expr","locations":[{"start":{"line":137,"column":13},"end":{"line":137,"column":null}},{"start":{"line":138,"column":14},"end":{"line":148,"column":null}}],"line":137},"12":{"loc":{"start":{"line":142,"column":34},"end":{"line":142,"column":54}},"type":"binary-expr","locations":[{"start":{"line":142,"column":34},"end":{"line":142,"column":52}},{"start":{"line":142,"column":52},"end":{"line":142,"column":54}}],"line":142},"13":{"loc":{"start":{"line":143,"column":48},"end":{"line":143,"column":115}},"type":"cond-expr","locations":[{"start":{"line":143,"column":74},"end":{"line":143,"column":91}},{"start":{"line":143,"column":91},"end":{"line":143,"column":115}}],"line":143},"14":{"loc":{"start":{"line":144,"column":30},"end":{"line":144,"column":44}},"type":"binary-expr","locations":[{"start":{"line":144,"column":30},"end":{"line":144,"column":42}},{"start":{"line":144,"column":42},"end":{"line":144,"column":44}}],"line":144}},"s":{"0":17,"1":17,"2":17,"3":17,"4":17,"5":17,"6":17,"7":17,"8":0,"9":2,"10":2,"11":2,"12":17,"13":17,"14":2,"15":2,"16":2,"17":2,"18":0,"19":0,"20":1,"21":0,"22":0,"23":0},"f":{"0":17,"1":0,"2":2,"3":2,"4":2,"5":2,"6":2,"7":0,"8":0,"9":1,"10":0,"11":0,"12":0},"b":{"0":[2,2],"1":[2,2],"2":[17,11,9,7],"3":[17,0],"4":[17,5],"5":[0,17],"6":[17,2],"7":[0,0],"8":[0,0],"9":[0,0],"10":[0,0],"11":[0,0],"12":[0,0],"13":[0,0],"14":[0,0]},"meta":{"lastBranch":15,"lastFunction":13,"lastStatement":24,"seen":{"f:12:24:12:37":0,"s:13:24:13:Infinity":0,"s:14:36:14:Infinity":1,"s:15:42:15:Infinity":2,"s:16:34:16:Infinity":3,"s:17:40:17:Infinity":4,"s:18:38:18:Infinity":5,"s:19:26:19:Infinity":6,"s:21:8:24:Infinity":7,"f:23:15:23:16":1,"s:23:25:23:Infinity":8,"f:26:11:26:24":2,"s:27:4:27:Infinity":9,"s:28:42:36:Infinity":10,"b:31:22:31:53:31:53:31:Infinity":0,"b:32:21:32:51:32:51:32:Infinity":1,"s:37:4:37:Infinity":11,"s:40:20:40:Infinity":12,"b:40:20:40:29:40:29:40:44:40:44:40:62:40:62:40:Infinity":2,"s:42:2:159:Infinity":13,"b:47:8:107:Infinity:109:8:157:Infinity":3,"f:52:24:52:25":3,"s:52:31:52:57":14,"f:59:24:59:25":4,"s:59:31:59:63":15,"f:66:24:66:25":5,"s:66:31:66:66":16,"f:73:24:73:25":6,"s:73:31:73:62":17,"f:81:26:81:27":7,"s:81:33:81:Infinity":18,"f:88:26:88:27":8,"s:88:33:88:Infinity":19,"b:92:42:92:56:92:56:92:Infinity":4,"b:93:34:93:51:93:51:93:Infinity":5,"b:95:11:95:Infinity:96:12:105:Infinity":6,"f:100:25:100:31":9,"s:100:31:100:Infinity":20,"b:112:14:112:102:112:102:112:Infinity":7,"b:123:13:123:Infinity:124:14:134:Infinity":8,"f:126:39:126:40":10,"s:127:18:132:Infinity":21,"b:128:34:128:54:128:54:128:56":9,"b:130:39:130:47:130:47:130:Infinity":10,"b:137:13:137:Infinity:138:14:148:Infinity":11,"f:140:40:140:41":11,"s:141:18:146:Infinity":22,"b:142:34:142:52:142:52:142:54":12,"b:143:74:143:91:143:91:143:115":13,"b:144:30:144:42:144:42:144:44":14,"f:153:47:153:53":12,"s:153:53:153:70":23}}}
,"C:\\Dev\\montgowork\\frontend\\src\\app\\feedback\\[token]\\feedback-form.tsx": {"path":"C:\\Dev\\montgowork\\frontend\\src\\app\\feedback\\[token]\\feedback-form.tsx","statementMap":{"0":{"start":{"line":11,"column":19},"end":{"line":15,"column":null}},"1":{"start":{"line":17,"column":20},"end":{"line":24,"column":null}},"2":{"start":{"line":26,"column":19},"end":{"line":30,"column":null}},"3":{"start":{"line":40,"column":2},"end":{"line":63,"column":null}},"4":{"start":{"line":43,"column":8},"end":{"line":61,"column":null}},"5":{"start":{"line":57,"column":28},"end":{"line":57,"column":null}},"6":{"start":{"line":74,"column":2},"end":{"line":104,"column":null}},"7":{"start":{"line":77,"column":27},"end":{"line":77,"column":null}},"8":{"start":{"line":78,"column":8},"end":{"line":101,"column":null}},"9":{"start":{"line":92,"column":16},"end":{"line":96,"column":null}},"10":{"start":{"line":94,"column":45},"end":{"line":94,"column":60}},"11":{"start":{"line":109,"column":33},"end":{"line":112,"column":null}},"12":{"start":{"line":111,"column":13},"end":{"line":111,"column":null}},"13":{"start":{"line":114,"column":18},"end":{"line":114,"column":null}},"14":{"start":{"line":115,"column":30},"end":{"line":115,"column":null}},"15":{"start":{"line":116,"column":18},"end":{"line":116,"column":null}},"16":{"start":{"line":117,"column":30},"end":{"line":117,"column":null}},"17":{"start":{"line":118,"column":32},"end":{"line":118,"column":null}},"18":{"start":{"line":119,"column":42},"end":{"line":119,"column":null}},"19":{"start":{"line":121,"column":36},"end":{"line":121,"column":null}},"20":{"start":{"line":123,"column":8},"end":{"line":134,"column":null}},"21":{"start":{"line":125,"column":21},"end":{"line":125,"column":null}},"22":{"start":{"line":127,"column":18},"end":{"line":127,"column":null}},"23":{"start":{"line":128,"column":6},"end":{"line":132,"column":null}},"24":{"start":{"line":129,"column":8},"end":{"line":129,"column":null}},"25":{"start":{"line":131,"column":8},"end":{"line":131,"column":null}},"26":{"start":{"line":136,"column":20},"end":{"line":136,"column":null}},"27":{"start":{"line":139,"column":4},"end":{"line":139,"column":null}},"28":{"start":{"line":139,"column":36},"end":{"line":139,"column":null}},"29":{"start":{"line":140,"column":4},"end":{"line":140,"column":null}},"30":{"start":{"line":141,"column":4},"end":{"line":147,"column":null}},"31":{"start":{"line":151,"column":2},"end":{"line":160,"column":null}},"32":{"start":{"line":152,"column":4},"end":{"line":158,"column":null}},"33":{"start":{"line":163,"column":2},"end":{"line":178,"column":null}},"34":{"start":{"line":164,"column":4},"end":{"line":176,"column":null}},"35":{"start":{"line":181,"column":2},"end":{"line":194,"column":null}},"36":{"start":{"line":182,"column":4},"end":{"line":192,"column":null}},"37":{"start":{"line":197,"column":2},"end":{"line":210,"column":null}},"38":{"start":{"line":198,"column":4},"end":{"line":208,"column":null}},"39":{"start":{"line":213,"column":2},"end":{"line":290,"column":null}},"40":{"start":{"line":261,"column":31},"end":{"line":261,"column":null}}},"fnMap":{"0":{"name":"RadioGroup","decl":{"start":{"line":39,"column":9},"end":{"line":39,"column":20}},"loc":{"start":{"line":39,"column":76},"end":{"line":65,"column":null}},"line":39},"1":{"name":"(anonymous_1)","decl":{"start":{"line":42,"column":19},"end":{"line":42,"column":20}},"loc":{"start":{"line":43,"column":8},"end":{"line":61,"column":null}},"line":43},"2":{"name":"(anonymous_2)","decl":{"start":{"line":57,"column":22},"end":{"line":57,"column":28}},"loc":{"start":{"line":57,"column":28},"end":{"line":57,"column":null}},"line":57},"3":{"name":"CheckboxGroup","decl":{"start":{"line":73,"column":9},"end":{"line":73,"column":23}},"loc":{"start":{"line":73,"column":76},"end":{"line":106,"column":null}},"line":73},"4":{"name":"(anonymous_4)","decl":{"start":{"line":76,"column":19},"end":{"line":76,"column":20}},"loc":{"start":{"line":76,"column":28},"end":{"line":103,"column":7}},"line":76},"5":{"name":"(anonymous_5)","decl":{"start":{"line":91,"column":24},"end":{"line":91,"column":30}},"loc":{"start":{"line":91,"column":30},"end":{"line":97,"column":null}},"line":91},"6":{"name":"(anonymous_6)","decl":{"start":{"line":94,"column":38},"end":{"line":94,"column":39}},"loc":{"start":{"line":94,"column":45},"end":{"line":94,"column":60}},"line":94},"7":{"name":"FeedbackForm","decl":{"start":{"line":108,"column":16},"end":{"line":108,"column":29}},"loc":{"start":{"line":108,"column":59},"end":{"line":292,"column":null}},"line":108},"8":{"name":"(anonymous_8)","decl":{"start":{"line":111,"column":13},"end":{"line":111,"column":19}},"loc":{"start":{"line":111,"column":13},"end":{"line":111,"column":null}},"line":111},"9":{"name":"(anonymous_9)","decl":{"start":{"line":125,"column":15},"end":{"line":125,"column":21}},"loc":{"start":{"line":125,"column":21},"end":{"line":125,"column":null}},"line":125},"10":{"name":"(anonymous_10)","decl":{"start":{"line":126,"column":13},"end":{"line":126,"column":14}},"loc":{"start":{"line":126,"column":22},"end":{"line":133,"column":null}},"line":126},"11":{"name":"handleSubmit","decl":{"start":{"line":138,"column":11},"end":{"line":138,"column":26}},"loc":{"start":{"line":138,"column":26},"end":{"line":148,"column":null}},"line":138},"12":{"name":"(anonymous_12)","decl":{"start":{"line":261,"column":24},"end":{"line":261,"column":25}},"loc":{"start":{"line":261,"column":31},"end":{"line":261,"column":null}},"line":261}},"branchMap":{"0":{"loc":{"start":{"line":47,"column":12},"end":{"line":49,"column":null}},"type":"cond-expr","locations":[{"start":{"line":48,"column":16},"end":{"line":48,"column":null}},{"start":{"line":49,"column":16},"end":{"line":49,"column":null}}],"line":47},"1":{"loc":{"start":{"line":83,"column":14},"end":{"line":85,"column":null}},"type":"cond-expr","locations":[{"start":{"line":84,"column":18},"end":{"line":84,"column":null}},{"start":{"line":85,"column":18},"end":{"line":85,"column":null}}],"line":83},"2":{"loc":{"start":{"line":93,"column":18},"end":{"line":95,"column":null}},"type":"cond-expr","locations":[{"start":{"line":94,"column":22},"end":{"line":94,"column":null}},{"start":{"line":95,"column":22},"end":{"line":95,"column":null}}],"line":93},"3":{"loc":{"start":{"line":127,"column":18},"end":{"line":127,"column":null}},"type":"cond-expr","locations":[{"start":{"line":127,"column":41},"end":{"line":127,"column":55}},{"start":{"line":127,"column":55},"end":{"line":127,"column":null}}],"line":127},"4":{"loc":{"start":{"line":128,"column":6},"end":{"line":132,"column":null}},"type":"if","locations":[{"start":{"line":128,"column":6},"end":{"line":132,"column":null}},{"start":{"line":130,"column":13},"end":{"line":132,"column":null}}],"line":128},"5":{"loc":{"start":{"line":136,"column":20},"end":{"line":136,"column":null}},"type":"binary-expr","locations":[{"start":{"line":136,"column":20},"end":{"line":136,"column":35}},{"start":{"line":136,"column":35},"end":{"line":136,"column":50}},{"start":{"line":136,"column":50},"end":{"line":136,"column":null}}],"line":136},"6":{"loc":{"start":{"line":139,"column":4},"end":{"line":139,"column":null}},"type":"if","locations":[{"start":{"line":139,"column":4},"end":{"line":139,"column":null}},{"start":{},"end":{}}],"line":139},"7":{"loc":{"start":{"line":139,"column":8},"end":{"line":139,"column":36}},"type":"binary-expr","locations":[{"start":{"line":139,"column":8},"end":{"line":139,"column":23}},{"start":{"line":139,"column":23},"end":{"line":139,"column":36}}],"line":139},"8":{"loc":{"start":{"line":144,"column":16},"end":{"line":144,"column":null}},"type":"cond-expr","locations":[{"start":{"line":144,"column":27},"end":{"line":144,"column":38}},{"start":{"line":144,"column":38},"end":{"line":144,"column":null}}],"line":144},"9":{"loc":{"start":{"line":151,"column":2},"end":{"line":160,"column":null}},"type":"if","locations":[{"start":{"line":151,"column":2},"end":{"line":160,"column":null}},{"start":{},"end":{}}],"line":151},"10":{"loc":{"start":{"line":163,"column":2},"end":{"line":178,"column":null}},"type":"if","locations":[{"start":{"line":163,"column":2},"end":{"line":178,"column":null}},{"start":{},"end":{}}],"line":163},"11":{"loc":{"start":{"line":163,"column":6},"end":{"line":163,"column":29}},"type":"binary-expr","locations":[{"start":{"line":163,"column":6},"end":{"line":163,"column":15}},{"start":{"line":163,"column":15},"end":{"line":163,"column":29}}],"line":163},"12":{"loc":{"start":{"line":181,"column":2},"end":{"line":194,"column":null}},"type":"if","locations":[{"start":{"line":181,"column":2},"end":{"line":194,"column":null}},{"start":{},"end":{}}],"line":181},"13":{"loc":{"start":{"line":197,"column":2},"end":{"line":210,"column":null}},"type":"if","locations":[{"start":{"line":197,"column":2},"end":{"line":210,"column":null}},{"start":{},"end":{}}],"line":197},"14":{"loc":{"start":{"line":234,"column":9},"end":{"line":248,"column":null}},"type":"binary-expr","locations":[{"start":{"line":234,"column":9},"end":{"line":234,"column":null}},{"start":{"line":235,"column":10},"end":{"line":248,"column":null}}],"line":234},"15":{"loc":{"start":{"line":271,"column":9},"end":{"line":272,"column":null}},"type":"binary-expr","locations":[{"start":{"line":271,"column":9},"end":{"line":271,"column":null}},{"start":{"line":272,"column":10},"end":{"line":272,"column":null}}],"line":271},"16":{"loc":{"start":{"line":280,"column":11},"end":{"line":286,"column":null}},"type":"cond-expr","locations":[{"start":{"line":281,"column":12},"end":{"line":284,"column":null}},{"start":{"line":286,"column":12},"end":{"line":286,"column":null}}],"line":280}},"s":{"0":1,"1":1,"2":1,"3":24,"4":72,"5":5,"6":1,"7":6,"8":6,"9":0,"10":0,"11":24,"12":7,"13":24,"14":24,"15":24,"16":24,"17":24,"18":24,"19":24,"20":24,"21":1,"22":1,"23":1,"24":1,"25":0,"26":24,"27":2,"28":0,"29":2,"30":2,"31":24,"32":7,"33":17,"34":1,"35":16,"36":2,"37":14,"38":2,"39":12,"40":0},"f":{"0":24,"1":72,"2":5,"3":1,"4":6,"5":0,"6":0,"7":24,"8":7,"9":1,"10":1,"11":2,"12":0},"b":{"0":[11,61],"1":[0,6],"2":[0,0],"3":[1,0],"4":[1,0],"5":[24,11,8],"6":[0,2],"7":[2,2],"8":[0,2],"9":[7,17],"10":[1,16],"11":[17,16],"12":[2,14],"13":[2,12],"14":[12,1],"15":[24,0],"16":[2,10]},"meta":{"lastBranch":17,"lastFunction":13,"lastStatement":41,"seen":{"s:11:19:15:Infinity":0,"s:17:20:24:Infinity":1,"s:26:19:30:Infinity":2,"f:39:9:39:20":0,"s:40:2:63:Infinity":3,"f:42:19:42:20":1,"s:43:8:61:Infinity":4,"b:48:16:48:Infinity:49:16:49:Infinity":0,"f:57:22:57:28":2,"s:57:28:57:Infinity":5,"f:73:9:73:23":3,"s:74:2:104:Infinity":6,"f:76:19:76:20":4,"s:77:27:77:Infinity":7,"s:78:8:101:Infinity":8,"b:84:18:84:Infinity:85:18:85:Infinity":1,"f:91:24:91:30":5,"s:92:16:96:Infinity":9,"b:94:22:94:Infinity:95:22:95:Infinity":2,"f:94:38:94:39":6,"s:94:45:94:60":10,"f:108:16:108:29":7,"s:109:33:112:Infinity":11,"f:111:13:111:19":8,"s:111:13:111:Infinity":12,"s:114:18:114:Infinity":13,"s:115:30:115:Infinity":14,"s:116:18:116:Infinity":15,"s:117:30:117:Infinity":16,"s:118:32:118:Infinity":17,"s:119:42:119:Infinity":18,"s:121:36:121:Infinity":19,"s:123:8:134:Infinity":20,"f:125:15:125:21":9,"s:125:21:125:Infinity":21,"f:126:13:126:14":10,"s:127:18:127:Infinity":22,"b:127:41:127:55:127:55:127:Infinity":3,"b:128:6:132:Infinity:130:13:132:Infinity":4,"s:128:6:132:Infinity":23,"s:129:8:129:Infinity":24,"s:131:8:131:Infinity":25,"s:136:20:136:Infinity":26,"b:136:20:136:35:136:35:136:50:136:50:136:Infinity":5,"f:138:11:138:26":11,"b:139:4:139:Infinity:undefined:undefined:undefined:undefined":6,"s:139:4:139:Infinity":27,"b:139:8:139:23:139:23:139:36":7,"s:139:36:139:Infinity":28,"s:140:4:140:Infinity":29,"s:141:4:147:Infinity":30,"b:144:27:144:38:144:38:144:Infinity":8,"b:151:2:160:Infinity:undefined:undefined:undefined:undefined":9,"s:151:2:160:Infinity":31,"s:152:4:158:Infinity":32,"b:163:2:178:Infinity:undefined:undefined:undefined:undefined":10,"s:163:2:178:Infinity":33,"b:163:6:163:15:163:15:163:29":11,"s:164:4:176:Infinity":34,"b:181:2:194:Infinity:undefined:undefined:undefined:undefined":12,"s:181:2:194:Infinity":35,"s:182:4:192:Infinity":36,"b:197:2:210:Infinity:undefined:undefined:undefined:undefined":13,"s:197:2:210:Infinity":37,"s:198:4:208:Infinity":38,"s:213:2:290:Infinity":39,"b:234:9:234:Infinity:235:10:248:Infinity":14,"f:261:24:261:25":12,"s:261:31:261:Infinity":40,"b:271:9:271:Infinity:272:10:272:Infinity":15,"b:281:12:284:Infinity:286:12:286:Infinity":16}}}
,"C:\\Dev\\montgowork\\frontend\\src\\app\\plan\\page.tsx": {"path":"C:\\Dev\\montgowork\\frontend\\src\\app\\plan\\page.tsx","statementMap":{"0":{"start":{"line":30,"column":28},"end":{"line":30,"column":null}},"1":{"start":{"line":33,"column":24},"end":{"line":33,"column":null}},"2":{"start":{"line":33,"column":65},"end":{"line":33,"column":91}},"3":{"start":{"line":34,"column":2},"end":{"line":46,"column":null}},"4":{"start":{"line":51,"column":2},"end":{"line":61,"column":null}},"5":{"start":{"line":66,"column":24},"end":{"line":66,"column":null}},"6":{"start":{"line":67,"column":2},"end":{"line":70,"column":null}},"7":{"start":{"line":68,"column":4},"end":{"line":68,"column":null}},"8":{"start":{"line":68,"column":16},"end":{"line":68,"column":56}},"9":{"start":{"line":68,"column":56},"end":{"line":68,"column":64}},"10":{"start":{"line":69,"column":4},"end":{"line":69,"column":null}},"11":{"start":{"line":69,"column":10},"end":{"line":69,"column":71}},"12":{"start":{"line":69,"column":81},"end":{"line":69,"column":121}},"13":{"start":{"line":71,"column":2},"end":{"line":71,"column":null}},"14":{"start":{"line":75,"column":8},"end":{"line":75,"column":null}},"15":{"start":{"line":76,"column":18},"end":{"line":76,"column":null}},"16":{"start":{"line":77,"column":17},"end":{"line":77,"column":null}},"17":{"start":{"line":79,"column":2},"end":{"line":83,"column":null}},"18":{"start":{"line":80,"column":4},"end":{"line":82,"column":null}},"19":{"start":{"line":81,"column":6},"end":{"line":81,"column":null}},"20":{"start":{"line":81,"column":12},"end":{"line":81,"column":68}},"21":{"start":{"line":85,"column":2},"end":{"line":85,"column":null}},"22":{"start":{"line":85,"column":15},"end":{"line":85,"column":null}},"23":{"start":{"line":86,"column":2},"end":{"line":86,"column":null}},"24":{"start":{"line":90,"column":8},"end":{"line":90,"column":null}},"25":{"start":{"line":91,"column":18},"end":{"line":91,"column":null}},"26":{"start":{"line":92,"column":22},"end":{"line":92,"column":null}},"27":{"start":{"line":93,"column":17},"end":{"line":93,"column":null}},"28":{"start":{"line":95,"column":2},"end":{"line":99,"column":null}},"29":{"start":{"line":96,"column":4},"end":{"line":98,"column":null}},"30":{"start":{"line":97,"column":6},"end":{"line":97,"column":null}},"31":{"start":{"line":97,"column":12},"end":{"line":97,"column":74}},"32":{"start":{"line":101,"column":2},"end":{"line":101,"column":null}},"33":{"start":{"line":101,"column":15},"end":{"line":101,"column":null}},"34":{"start":{"line":102,"column":2},"end":{"line":102,"column":null}},"35":{"start":{"line":106,"column":49},"end":{"line":106,"column":null}},"36":{"start":{"line":107,"column":39},"end":{"line":107,"column":null}},"37":{"start":{"line":109,"column":33},"end":{"line":113,"column":null}},"38":{"start":{"line":111,"column":13},"end":{"line":111,"column":null}},"39":{"start":{"line":115,"column":15},"end":{"line":115,"column":null}},"40":{"start":{"line":118,"column":23},"end":{"line":118,"column":null}},"41":{"start":{"line":119,"column":8},"end":{"line":122,"column":null}},"42":{"start":{"line":120,"column":4},"end":{"line":120,"column":null}},"43":{"start":{"line":120,"column":29},"end":{"line":120,"column":null}},"44":{"start":{"line":121,"column":4},"end":{"line":121,"column":null}},"45":{"start":{"line":121,"column":10},"end":{"line":121,"column":49}},"46":{"start":{"line":121,"column":59},"end":{"line":121,"column":72}},"47":{"start":{"line":123,"column":23},"end":{"line":123,"column":null}},"48":{"start":{"line":125,"column":8},"end":{"line":128,"column":null}},"49":{"start":{"line":126,"column":10},"end":{"line":126,"column":null}},"50":{"start":{"line":130,"column":8},"end":{"line":130,"column":null}},"51":{"start":{"line":131,"column":8},"end":{"line":131,"column":null}},"52":{"start":{"line":132,"column":2},"end":{"line":145,"column":null}},"53":{"start":{"line":133,"column":4},"end":{"line":144,"column":null}},"54":{"start":{"line":134,"column":6},"end":{"line":134,"column":null}},"55":{"start":{"line":135,"column":6},"end":{"line":143,"column":null}},"56":{"start":{"line":136,"column":8},"end":{"line":142,"column":null}},"57":{"start":{"line":147,"column":2},"end":{"line":147,"column":null}},"58":{"start":{"line":147,"column":49},"end":{"line":147,"column":null}},"59":{"start":{"line":149,"column":2},"end":{"line":158,"column":null}},"60":{"start":{"line":150,"column":4},"end":{"line":156,"column":null}},"61":{"start":{"line":160,"column":2},"end":{"line":174,"column":null}},"62":{"start":{"line":161,"column":16},"end":{"line":161,"column":null}},"63":{"start":{"line":162,"column":28},"end":{"line":164,"column":null}},"64":{"start":{"line":166,"column":4},"end":{"line":172,"column":null}},"65":{"start":{"line":176,"column":2},"end":{"line":185,"column":null}},"66":{"start":{"line":177,"column":4},"end":{"line":183,"column":null}},"67":{"start":{"line":187,"column":2},"end":{"line":341,"column":null}},"68":{"start":{"line":226,"column":16},"end":{"line":226,"column":null}},"69":{"start":{"line":258,"column":18},"end":{"line":258,"column":null}},"70":{"start":{"line":346,"column":2},"end":{"line":358,"column":null}},"71":{"start":{"line":363,"column":28},"end":{"line":363,"column":null}},"72":{"start":{"line":364,"column":2},"end":{"line":364,"column":null}}},"fnMap":{"0":{"name":"buildProfileFromPlan","decl":{"start":{"line":32,"column":9},"end":{"line":32,"column":30}},"loc":{"start":{"line":32,"column":82},"end":{"line":47,"column":null}},"line":32},"1":{"name":"(anonymous_1)","decl":{"start":{"line":33,"column":40},"end":{"line":33,"column":41}},"loc":{"start":{"line":33,"column":65},"end":{"line":33,"column":91}},"line":33},"2":{"name":"PlanSkeleton","decl":{"start":{"line":50,"column":9},"end":{"line":50,"column":24}},"loc":{"start":{"line":50,"column":24},"end":{"line":63,"column":null}},"line":50},"3":{"name":"useClientStorage","decl":{"start":{"line":65,"column":9},"end":{"line":65,"column":26}},"loc":{"start":{"line":65,"column":88},"end":{"line":72,"column":null}},"line":65},"4":{"name":"(anonymous_4)","decl":{"start":{"line":67,"column":12},"end":{"line":67,"column":18}},"loc":{"start":{"line":67,"column":18},"end":{"line":70,"column":5}},"line":67},"5":{"name":"useSessionId","decl":{"start":{"line":74,"column":9},"end":{"line":74,"column":63}},"loc":{"start":{"line":74,"column":63},"end":{"line":87,"column":null}},"line":74},"6":{"name":"(anonymous_6)","decl":{"start":{"line":79,"column":12},"end":{"line":79,"column":18}},"loc":{"start":{"line":79,"column":18},"end":{"line":83,"column":5}},"line":79},"7":{"name":"useToken","decl":{"start":{"line":89,"column":9},"end":{"line":89,"column":18}},"loc":{"start":{"line":89,"column":86},"end":{"line":103,"column":null}},"line":89},"8":{"name":"(anonymous_8)","decl":{"start":{"line":95,"column":12},"end":{"line":95,"column":18}},"loc":{"start":{"line":95,"column":18},"end":{"line":99,"column":5}},"line":95},"9":{"name":"PlanContent","decl":{"start":{"line":105,"column":9},"end":{"line":105,"column":23}},"loc":{"start":{"line":105,"column":23},"end":{"line":343,"column":null}},"line":105},"10":{"name":"(anonymous_10)","decl":{"start":{"line":111,"column":13},"end":{"line":111,"column":19}},"loc":{"start":{"line":111,"column":13},"end":{"line":111,"column":null}},"line":111},"11":{"name":"(anonymous_11)","decl":{"start":{"line":119,"column":61},"end":{"line":119,"column":67}},"loc":{"start":{"line":119,"column":67},"end":{"line":122,"column":5}},"line":119},"12":{"name":"(anonymous_12)","decl":{"start":{"line":126,"column":4},"end":{"line":126,"column":10}},"loc":{"start":{"line":126,"column":10},"end":{"line":126,"column":null}},"line":126},"13":{"name":"(anonymous_13)","decl":{"start":{"line":132,"column":12},"end":{"line":132,"column":18}},"loc":{"start":{"line":132,"column":18},"end":{"line":145,"column":5}},"line":132},"14":{"name":"(anonymous_14)","decl":{"start":{"line":135,"column":46},"end":{"line":135,"column":null}},"loc":{"start":{"line":135,"column":46},"end":{"line":143,"column":7}},"line":135},"15":{"name":"(anonymous_15)","decl":{"start":{"line":225,"column":36},"end":{"line":225,"column":37}},"loc":{"start":{"line":226,"column":16},"end":{"line":226,"column":null}},"line":226},"16":{"name":"(anonymous_16)","decl":{"start":{"line":257,"column":35},"end":{"line":257,"column":36}},"loc":{"start":{"line":258,"column":18},"end":{"line":258,"column":null}},"line":258},"17":{"name":"PlanPage","decl":{"start":{"line":345,"column":24},"end":{"line":345,"column":35}},"loc":{"start":{"line":345,"column":35},"end":{"line":360,"column":null}},"line":345},"18":{"name":"PlanChatSidebar","decl":{"start":{"line":362,"column":9},"end":{"line":362,"column":27}},"loc":{"start":{"line":362,"column":27},"end":{"line":365,"column":null}},"line":362}},"branchMap":{"0":{"loc":{"start":{"line":68,"column":4},"end":{"line":68,"column":null}},"type":"if","locations":[{"start":{"line":68,"column":4},"end":{"line":68,"column":null}},{"start":{},"end":{}}],"line":68},"1":{"loc":{"start":{"line":77,"column":34},"end":{"line":77,"column":74}},"type":"cond-expr","locations":[{"start":{"line":77,"column":44},"end":{"line":77,"column":51}},{"start":{"line":77,"column":51},"end":{"line":77,"column":74}}],"line":77},"2":{"loc":{"start":{"line":80,"column":4},"end":{"line":82,"column":null}},"type":"if","locations":[{"start":{"line":80,"column":4},"end":{"line":82,"column":null}},{"start":{},"end":{}}],"line":80},"3":{"loc":{"start":{"line":85,"column":2},"end":{"line":85,"column":null}},"type":"if","locations":[{"start":{"line":85,"column":2},"end":{"line":85,"column":null}},{"start":{},"end":{}}],"line":85},"4":{"loc":{"start":{"line":92,"column":22},"end":{"line":92,"column":null}},"type":"cond-expr","locations":[{"start":{"line":92,"column":47},"end":{"line":92,"column":79}},{"start":{"line":92,"column":79},"end":{"line":92,"column":null}}],"line":92},"5":{"loc":{"start":{"line":92,"column":22},"end":{"line":92,"column":47}},"type":"binary-expr","locations":[{"start":{"line":92,"column":22},"end":{"line":92,"column":34}},{"start":{"line":92,"column":34},"end":{"line":92,"column":47}}],"line":92},"6":{"loc":{"start":{"line":96,"column":4},"end":{"line":98,"column":null}},"type":"if","locations":[{"start":{"line":96,"column":4},"end":{"line":98,"column":null}},{"start":{},"end":{}}],"line":96},"7":{"loc":{"start":{"line":96,"column":8},"end":{"line":96,"column":30}},"type":"binary-expr","locations":[{"start":{"line":96,"column":8},"end":{"line":96,"column":19}},{"start":{"line":96,"column":19},"end":{"line":96,"column":30}}],"line":96},"8":{"loc":{"start":{"line":101,"column":2},"end":{"line":101,"column":null}},"type":"if","locations":[{"start":{"line":101,"column":2},"end":{"line":101,"column":null}},{"start":{},"end":{}}],"line":101},"9":{"loc":{"start":{"line":111,"column":27},"end":{"line":111,"column":44}},"type":"binary-expr","locations":[{"start":{"line":111,"column":27},"end":{"line":111,"column":40}},{"start":{"line":111,"column":40},"end":{"line":111,"column":44}}],"line":111},"10":{"loc":{"start":{"line":111,"column":44},"end":{"line":111,"column":62}},"type":"binary-expr","locations":[{"start":{"line":111,"column":44},"end":{"line":111,"column":53}},{"start":{"line":111,"column":53},"end":{"line":111,"column":62}}],"line":111},"11":{"loc":{"start":{"line":112,"column":13},"end":{"line":112,"column":null}},"type":"binary-expr","locations":[{"start":{"line":112,"column":13},"end":{"line":112,"column":28}},{"start":{"line":112,"column":28},"end":{"line":112,"column":null}}],"line":112},"12":{"loc":{"start":{"line":115,"column":15},"end":{"line":115,"column":null}},"type":"binary-expr","locations":[{"start":{"line":115,"column":15},"end":{"line":115,"column":29}},{"start":{"line":115,"column":29},"end":{"line":115,"column":null}}],"line":115},"13":{"loc":{"start":{"line":118,"column":40},"end":{"line":118,"column":80}},"type":"cond-expr","locations":[{"start":{"line":118,"column":52},"end":{"line":118,"column":76}},{"start":{"line":118,"column":76},"end":{"line":118,"column":80}}],"line":118},"14":{"loc":{"start":{"line":120,"column":4},"end":{"line":120,"column":null}},"type":"if","locations":[{"start":{"line":120,"column":4},"end":{"line":120,"column":null}},{"start":{},"end":{}}],"line":120},"15":{"loc":{"start":{"line":123,"column":23},"end":{"line":123,"column":null}},"type":"binary-expr","locations":[{"start":{"line":123,"column":23},"end":{"line":123,"column":38}},{"start":{"line":123,"column":38},"end":{"line":123,"column":62}},{"start":{"line":123,"column":62},"end":{"line":123,"column":null}}],"line":123},"16":{"loc":{"start":{"line":126,"column":10},"end":{"line":126,"column":null}},"type":"cond-expr","locations":[{"start":{"line":126,"column":17},"end":{"line":126,"column":72}},{"start":{"line":126,"column":72},"end":{"line":126,"column":null}}],"line":126},"17":{"loc":{"start":{"line":133,"column":4},"end":{"line":144,"column":null}},"type":"if","locations":[{"start":{"line":133,"column":4},"end":{"line":144,"column":null}},{"start":{},"end":{}}],"line":133},"18":{"loc":{"start":{"line":133,"column":8},"end":{"line":133,"column":62}},"type":"binary-expr","locations":[{"start":{"line":133,"column":8},"end":{"line":133,"column":16}},{"start":{"line":133,"column":16},"end":{"line":133,"column":45}},{"start":{"line":133,"column":45},"end":{"line":133,"column":62}}],"line":133},"19":{"loc":{"start":{"line":147,"column":2},"end":{"line":147,"column":null}},"type":"if","locations":[{"start":{"line":147,"column":2},"end":{"line":147,"column":null}},{"start":{},"end":{}}],"line":147},"20":{"loc":{"start":{"line":147,"column":6},"end":{"line":147,"column":49}},"type":"binary-expr","locations":[{"start":{"line":147,"column":6},"end":{"line":147,"column":23}},{"start":{"line":147,"column":23},"end":{"line":147,"column":38}},{"start":{"line":147,"column":38},"end":{"line":147,"column":49}}],"line":147},"21":{"loc":{"start":{"line":149,"column":2},"end":{"line":158,"column":null}},"type":"if","locations":[{"start":{"line":149,"column":2},"end":{"line":158,"column":null}},{"start":{},"end":{}}],"line":149},"22":{"loc":{"start":{"line":149,"column":6},"end":{"line":149,"column":28}},"type":"binary-expr","locations":[{"start":{"line":149,"column":6},"end":{"line":149,"column":20}},{"start":{"line":149,"column":20},"end":{"line":149,"column":28}}],"line":149},"23":{"loc":{"start":{"line":152,"column":46},"end":{"line":152,"column":112}},"type":"cond-expr","locations":[{"start":{"line":152,"column":59},"end":{"line":152,"column":87}},{"start":{"line":152,"column":87},"end":{"line":152,"column":112}}],"line":152},"24":{"loc":{"start":{"line":160,"column":2},"end":{"line":174,"column":null}},"type":"if","locations":[{"start":{"line":160,"column":2},"end":{"line":174,"column":null}},{"start":{},"end":{}}],"line":160},"25":{"loc":{"start":{"line":161,"column":16},"end":{"line":161,"column":null}},"type":"cond-expr","locations":[{"start":{"line":161,"column":41},"end":{"line":161,"column":57}},{"start":{"line":161,"column":57},"end":{"line":161,"column":null}}],"line":161},"26":{"loc":{"start":{"line":162,"column":28},"end":{"line":164,"column":null}},"type":"cond-expr","locations":[{"start":{"line":163,"column":8},"end":{"line":163,"column":null}},{"start":{"line":164,"column":8},"end":{"line":164,"column":null}}],"line":162},"27":{"loc":{"start":{"line":176,"column":2},"end":{"line":185,"column":null}},"type":"if","locations":[{"start":{"line":176,"column":2},"end":{"line":185,"column":null}},{"start":{},"end":{}}],"line":176},"28":{"loc":{"start":{"line":176,"column":6},"end":{"line":176,"column":34}},"type":"binary-expr","locations":[{"start":{"line":176,"column":6},"end":{"line":176,"column":15}},{"start":{"line":176,"column":15},"end":{"line":176,"column":24}},{"start":{"line":176,"column":24},"end":{"line":176,"column":34}}],"line":176},"29":{"loc":{"start":{"line":195,"column":61},"end":{"line":195,"column":81}},"type":"binary-expr","locations":[{"start":{"line":195,"column":61},"end":{"line":195,"column":70}},{"start":{"line":195,"column":70},"end":{"line":195,"column":81}}],"line":195},"30":{"loc":{"start":{"line":205,"column":10},"end":{"line":237,"column":null}},"type":"cond-expr","locations":[{"start":{"line":206,"column":10},"end":{"line":220,"column":null}},{"start":{"line":220,"column":10},"end":{"line":237,"column":null}}],"line":205},"31":{"loc":{"start":{"line":205,"column":10},"end":{"line":205,"column":null}},"type":"binary-expr","locations":[{"start":{"line":205,"column":10},"end":{"line":205,"column":52}},{"start":{"line":205,"column":46},"end":{"line":205,"column":96}},{"start":{"line":205,"column":90},"end":{"line":205,"column":null}}],"line":205},"32":{"loc":{"start":{"line":205,"column":96},"end":{"line":205,"column":130}},"type":"binary-expr","locations":[{"start":{"line":205,"column":96},"end":{"line":205,"column":125}},{"start":{"line":205,"column":125},"end":{"line":205,"column":130}}],"line":205},"33":{"loc":{"start":{"line":209,"column":20},"end":{"line":209,"column":null}},"type":"binary-expr","locations":[{"start":{"line":209,"column":20},"end":{"line":209,"column":43}},{"start":{"line":209,"column":43},"end":{"line":209,"column":null}}],"line":209},"34":{"loc":{"start":{"line":213,"column":20},"end":{"line":213,"column":null}},"type":"binary-expr","locations":[{"start":{"line":213,"column":20},"end":{"line":213,"column":45}},{"start":{"line":213,"column":45},"end":{"line":213,"column":null}}],"line":213},"35":{"loc":{"start":{"line":217,"column":20},"end":{"line":217,"column":null}},"type":"binary-expr","locations":[{"start":{"line":217,"column":20},"end":{"line":217,"column":41}},{"start":{"line":217,"column":41},"end":{"line":217,"column":null}}],"line":217},"36":{"loc":{"start":{"line":220,"column":10},"end":{"line":237,"column":null}},"type":"cond-expr","locations":[{"start":{"line":222,"column":10},"end":{"line":229,"column":null}},{"start":{"line":231,"column":10},"end":{"line":237,"column":null}}],"line":220},"37":{"loc":{"start":{"line":221,"column":13},"end":{"line":221,"column":46}},"type":"binary-expr","locations":[{"start":{"line":221,"column":13},"end":{"line":221,"column":41}},{"start":{"line":221,"column":41},"end":{"line":221,"column":46}}],"line":221},"38":{"loc":{"start":{"line":250,"column":7},"end":{"line":263,"column":null}},"type":"binary-expr","locations":[{"start":{"line":250,"column":7},"end":{"line":250,"column":null}},{"start":{"line":251,"column":8},"end":{"line":263,"column":null}}],"line":250},"39":{"loc":{"start":{"line":258,"column":83},"end":{"line":258,"column":107}},"type":"binary-expr","locations":[{"start":{"line":258,"column":83},"end":{"line":258,"column":96}},{"start":{"line":258,"column":96},"end":{"line":258,"column":107}}],"line":258},"40":{"loc":{"start":{"line":258,"column":114},"end":{"line":258,"column":134}},"type":"binary-expr","locations":[{"start":{"line":258,"column":114},"end":{"line":258,"column":123}},{"start":{"line":258,"column":123},"end":{"line":258,"column":134}}],"line":258},"41":{"loc":{"start":{"line":267,"column":7},"end":{"line":276,"column":null}},"type":"binary-expr","locations":[{"start":{"line":267,"column":7},"end":{"line":267,"column":null}},{"start":{"line":268,"column":8},"end":{"line":276,"column":null}}],"line":267},"42":{"loc":{"start":{"line":280,"column":7},"end":{"line":289,"column":null}},"type":"binary-expr","locations":[{"start":{"line":280,"column":7},"end":{"line":280,"column":null}},{"start":{"line":281,"column":8},"end":{"line":289,"column":null}}],"line":280},"43":{"loc":{"start":{"line":332,"column":54},"end":{"line":332,"column":74}},"type":"binary-expr","locations":[{"start":{"line":332,"column":54},"end":{"line":332,"column":63}},{"start":{"line":332,"column":63},"end":{"line":332,"column":74}}],"line":332}},"s":{"0":5,"1":6,"2":6,"3":6,"4":22,"5":131,"6":131,"7":54,"8":35,"9":35,"10":19,"11":19,"12":0,"13":131,"14":61,"15":61,"16":61,"17":61,"18":26,"19":20,"20":20,"21":61,"22":48,"23":13,"24":35,"25":35,"26":35,"27":35,"28":35,"29":14,"30":9,"31":9,"32":35,"33":26,"34":9,"35":35,"36":35,"37":35,"38":9,"39":35,"40":35,"41":35,"42":14,"43":13,"44":1,"45":1,"46":0,"47":35,"48":35,"49":19,"50":35,"51":35,"52":35,"53":19,"54":5,"55":5,"56":5,"57":35,"58":22,"59":13,"60":5,"61":8,"62":2,"63":2,"64":2,"65":6,"66":0,"67":6,"68":0,"69":0,"70":13,"71":26,"72":26},"f":{"0":6,"1":6,"2":22,"3":131,"4":54,"5":61,"6":26,"7":35,"8":14,"9":35,"10":9,"11":14,"12":19,"13":19,"14":5,"15":0,"16":0,"17":13,"18":26},"b":{"0":[35,19],"1":[48,13],"2":[20,6],"3":[48,13],"4":[4,31],"5":[35,9],"6":[9,5],"7":[14,9],"8":[26,9],"9":[9,0],"10":[9,0],"11":[35,30],"12":[35,29],"13":[30,5],"14":[13,1],"15":[35,33,32],"16":[6,13],"17":[5,14],"18":[19,6,6],"19":[22,13],"20":[35,32,31],"21":[5,8],"22":[13,11],"23":[2,3],"24":[2,6],"25":[2,0],"26":[1,1],"27":[0,6],"28":[6,6,6],"29":[6,0],"30":[0,6],"31":[35,6,6],"32":[6,0],"33":[0,0],"34":[0,0],"35":[0,0],"36":[0,6],"37":[6,0],"38":[35,0],"39":[0,0],"40":[0,0],"41":[35,2],"42":[35,0],"43":[35,0]},"meta":{"lastBranch":44,"lastFunction":19,"lastStatement":73,"seen":{"s:30:28:30:Infinity":0,"f:32:9:32:30":0,"s:33:24:33:Infinity":1,"f:33:40:33:41":1,"s:33:65:33:91":2,"s:34:2:46:Infinity":3,"f:50:9:50:24":2,"s:51:2:61:Infinity":4,"f:65:9:65:26":3,"s:66:24:66:Infinity":5,"s:67:2:70:Infinity":6,"f:67:12:67:18":4,"b:68:4:68:Infinity:undefined:undefined:undefined:undefined":0,"s:68:4:68:Infinity":7,"s:68:16:68:56":8,"s:68:56:68:64":9,"s:69:4:69:Infinity":10,"s:69:10:69:71":11,"s:69:81:69:121":12,"s:71:2:71:Infinity":13,"f:74:9:74:63":5,"s:75:8:75:Infinity":14,"s:76:18:76:Infinity":15,"s:77:17:77:Infinity":16,"b:77:44:77:51:77:51:77:74":1,"s:79:2:83:Infinity":17,"f:79:12:79:18":6,"b:80:4:82:Infinity:undefined:undefined:undefined:undefined":2,"s:80:4:82:Infinity":18,"s:81:6:81:Infinity":19,"s:81:12:81:68":20,"b:85:2:85:Infinity:undefined:undefined:undefined:undefined":3,"s:85:2:85:Infinity":21,"s:85:15:85:Infinity":22,"s:86:2:86:Infinity":23,"f:89:9:89:18":7,"s:90:8:90:Infinity":24,"s:91:18:91:Infinity":25,"s:92:22:92:Infinity":26,"b:92:47:92:79:92:79:92:Infinity":4,"b:92:22:92:34:92:34:92:47":5,"s:93:17:93:Infinity":27,"s:95:2:99:Infinity":28,"f:95:12:95:18":8,"b:96:4:98:Infinity:undefined:undefined:undefined:undefined":6,"s:96:4:98:Infinity":29,"b:96:8:96:19:96:19:96:30":7,"s:97:6:97:Infinity":30,"s:97:12:97:74":31,"b:101:2:101:Infinity:undefined:undefined:undefined:undefined":8,"s:101:2:101:Infinity":32,"s:101:15:101:Infinity":33,"s:102:2:102:Infinity":34,"f:105:9:105:23":9,"s:106:49:106:Infinity":35,"s:107:39:107:Infinity":36,"s:109:33:113:Infinity":37,"f:111:13:111:19":10,"s:111:13:111:Infinity":38,"b:111:27:111:40:111:40:111:44":9,"b:111:44:111:53:111:53:111:62":10,"b:112:13:112:28:112:28:112:Infinity":11,"s:115:15:115:Infinity":39,"b:115:15:115:29:115:29:115:Infinity":12,"s:118:23:118:Infinity":40,"b:118:52:118:76:118:76:118:80":13,"s:119:8:122:Infinity":41,"f:119:61:119:67":11,"b:120:4:120:Infinity:undefined:undefined:undefined:undefined":14,"s:120:4:120:Infinity":42,"s:120:29:120:Infinity":43,"s:121:4:121:Infinity":44,"s:121:10:121:49":45,"s:121:59:121:72":46,"s:123:23:123:Infinity":47,"b:123:23:123:38:123:38:123:62:123:62:123:Infinity":15,"s:125:8:128:Infinity":48,"f:126:4:126:10":12,"s:126:10:126:Infinity":49,"b:126:17:126:72:126:72:126:Infinity":16,"s:130:8:130:Infinity":50,"s:131:8:131:Infinity":51,"s:132:2:145:Infinity":52,"f:132:12:132:18":13,"b:133:4:144:Infinity:undefined:undefined:undefined:undefined":17,"s:133:4:144:Infinity":53,"b:133:8:133:16:133:16:133:45:133:45:133:62":18,"s:134:6:134:Infinity":54,"s:135:6:143:Infinity":55,"f:135:46:135:Infinity":14,"s:136:8:142:Infinity":56,"b:147:2:147:Infinity:undefined:undefined:undefined:undefined":19,"s:147:2:147:Infinity":57,"b:147:6:147:23:147:23:147:38:147:38:147:49":20,"s:147:49:147:Infinity":58,"b:149:2:158:Infinity:undefined:undefined:undefined:undefined":21,"s:149:2:158:Infinity":59,"b:149:6:149:20:149:20:149:28":22,"s:150:4:156:Infinity":60,"b:152:59:152:87:152:87:152:112":23,"b:160:2:174:Infinity:undefined:undefined:undefined:undefined":24,"s:160:2:174:Infinity":61,"s:161:16:161:Infinity":62,"b:161:41:161:57:161:57:161:Infinity":25,"s:162:28:164:Infinity":63,"b:163:8:163:Infinity:164:8:164:Infinity":26,"s:166:4:172:Infinity":64,"b:176:2:185:Infinity:undefined:undefined:undefined:undefined":27,"s:176:2:185:Infinity":65,"b:176:6:176:15:176:15:176:24:176:24:176:34":28,"s:177:4:183:Infinity":66,"s:187:2:341:Infinity":67,"b:195:61:195:70:195:70:195:81":29,"b:206:10:220:Infinity:220:10:237:Infinity":30,"b:205:10:205:52:205:46:205:96:205:90:205:Infinity":31,"b:205:96:205:125:205:125:205:130":32,"b:209:20:209:43:209:43:209:Infinity":33,"b:213:20:213:45:213:45:213:Infinity":34,"b:217:20:217:41:217:41:217:Infinity":35,"b:222:10:229:Infinity:231:10:237:Infinity":36,"b:221:13:221:41:221:41:221:46":37,"f:225:36:225:37":15,"s:226:16:226:Infinity":68,"b:250:7:250:Infinity:251:8:263:Infinity":38,"f:257:35:257:36":16,"s:258:18:258:Infinity":69,"b:258:83:258:96:258:96:258:107":39,"b:258:114:258:123:258:123:258:134":40,"b:267:7:267:Infinity:268:8:276:Infinity":41,"b:280:7:280:Infinity:281:8:289:Infinity":42,"b:332:54:332:63:332:63:332:74":43,"f:345:24:345:35":17,"s:346:2:358:Infinity":70,"f:362:9:362:27":18,"s:363:28:363:Infinity":71,"s:364:2:364:Infinity":72}}}
,"C:\\Dev\\montgowork\\frontend\\src\\components\\EmptyState.tsx": {"path":"C:\\Dev\\montgowork\\frontend\\src\\components\\EmptyState.tsx","statementMap":{"0":{"start":{"line":21,"column":2},"end":{"line":33,"column":null}}},"fnMap":{"0":{"name":"EmptyState","decl":{"start":{"line":14,"column":16},"end":{"line":14,"column":27}},"loc":{"start":{"line":20,"column":20},"end":{"line":35,"column":null}},"line":20}},"branchMap":{"0":{"loc":{"start":{"line":28,"column":7},"end":{"line":31,"column":null}},"type":"binary-expr","locations":[{"start":{"line":28,"column":7},"end":{"line":28,"column":22}},{"start":{"line":28,"column":22},"end":{"line":28,"column":null}},{"start":{"line":29,"column":8},"end":{"line":31,"column":null}}],"line":28}},"s":{"0":9},"f":{"0":9},"b":{"0":[9,7,7]},"meta":{"lastBranch":1,"lastFunction":1,"lastStatement":1,"seen":{"f:14:16:14:27":0,"s:21:2:33:Infinity":0,"b:28:7:28:22:28:22:28:Infinity:29:8:31:Infinity":0}}}
,"C:\\Dev\\montgowork\\frontend\\src\\components\\ErrorBoundary.tsx": {"path":"C:\\Dev\\montgowork\\frontend\\src\\components\\ErrorBoundary.tsx","statementMap":{"0":{"start":{"line":19,"column":4},"end":{"line":19,"column":null}},"1":{"start":{"line":27,"column":2},"end":{"line":29,"column":null}},"2":{"start":{"line":28,"column":4},"end":{"line":28,"column":null}},"3":{"start":{"line":20,"column":4},"end":{"line":20,"column":null}},"4":{"start":{"line":24,"column":4},"end":{"line":24,"column":null}},"5":{"start":{"line":32,"column":4},"end":{"line":53,"column":null}},"6":{"start":{"line":33,"column":6},"end":{"line":33,"column":null}},"7":{"start":{"line":33,"column":31},"end":{"line":33,"column":null}},"8":{"start":{"line":35,"column":6},"end":{"line":51,"column":null}},"9":{"start":{"line":55,"column":4},"end":{"line":55,"column":null}}},"fnMap":{"0":{"name":"(anonymous_0)","decl":{"start":{"line":18,"column":2},"end":{"line":18,"column":14}},"loc":{"start":{"line":18,"column":28},"end":{"line":21,"column":null}},"line":18},"1":{"name":"(anonymous_1)","decl":{"start":{"line":27,"column":24},"end":{"line":27,"column":30}},"loc":{"start":{"line":27,"column":30},"end":{"line":29,"column":null}},"line":27},"2":{"name":"(anonymous_2)","decl":{"start":{"line":23,"column":9},"end":{"line":23,"column":34}},"loc":{"start":{"line":23,"column":55},"end":{"line":25,"column":null}},"line":23},"3":{"name":"(anonymous_3)","decl":{"start":{"line":31,"column":2},"end":{"line":31,"column":11}},"loc":{"start":{"line":31,"column":11},"end":{"line":56,"column":null}},"line":31}},"branchMap":{"0":{"loc":{"start":{"line":32,"column":4},"end":{"line":53,"column":null}},"type":"if","locations":[{"start":{"line":32,"column":4},"end":{"line":53,"column":null}},{"start":{},"end":{}}],"line":32},"1":{"loc":{"start":{"line":33,"column":6},"end":{"line":33,"column":null}},"type":"if","locations":[{"start":{"line":33,"column":6},"end":{"line":33,"column":null}},{"start":{},"end":{}}],"line":33}},"s":{"0":10,"1":10,"2":1,"3":10,"4":8,"5":18,"6":8,"7":2,"8":6,"9":10},"f":{"0":10,"1":1,"2":1,"3":18},"b":{"0":[8,10],"1":[2,6]},"meta":{"lastBranch":2,"lastFunction":4,"lastStatement":10,"seen":{"f:18:2:18:14":0,"s:19:4:19:Infinity":0,"s:27:2:29:Infinity":1,"f:27:24:27:30":1,"s:28:4:28:Infinity":2,"s:20:4:20:Infinity":3,"f:23:9:23:34":2,"s:24:4:24:Infinity":4,"f:31:2:31:11":3,"b:32:4:53:Infinity:undefined:undefined:undefined:undefined":0,"s:32:4:53:Infinity":5,"b:33:6:33:Infinity:undefined:undefined:undefined:undefined":1,"s:33:6:33:Infinity":6,"s:33:31:33:Infinity":7,"s:35:6:51:Infinity":8,"s:55:4:55:Infinity":9}}}
,"C:\\Dev\\montgowork\\frontend\\src\\components\\ScrollProgress.tsx": {"path":"C:\\Dev\\montgowork\\frontend\\src\\components\\ScrollProgress.tsx","statementMap":{"0":{"start":{"line":6,"column":8},"end":{"line":6,"column":null}},"1":{"start":{"line":7,"column":26},"end":{"line":7,"column":null}},"2":{"start":{"line":8,"column":8},"end":{"line":12,"column":null}},"3":{"start":{"line":14,"column":2},"end":{"line":14,"column":null}},"4":{"start":{"line":14,"column":22},"end":{"line":14,"column":null}},"5":{"start":{"line":16,"column":2},"end":{"line":22,"column":null}}},"fnMap":{"0":{"name":"ScrollProgress","decl":{"start":{"line":5,"column":16},"end":{"line":5,"column":33}},"loc":{"start":{"line":5,"column":33},"end":{"line":24,"column":null}},"line":5}},"branchMap":{"0":{"loc":{"start":{"line":14,"column":2},"end":{"line":14,"column":null}},"type":"if","locations":[{"start":{"line":14,"column":2},"end":{"line":14,"column":null}},{"start":{},"end":{}}],"line":14}},"s":{"0":4,"1":4,"2":4,"3":4,"4":1,"5":3},"f":{"0":4},"b":{"0":[1,3]},"meta":{"lastBranch":1,"lastFunction":1,"lastStatement":6,"seen":{"f:5:16:5:33":0,"s:6:8:6:Infinity":0,"s:7:26:7:Infinity":1,"s:8:8:12:Infinity":2,"b:14:2:14:Infinity:undefined:undefined:undefined:undefined":0,"s:14:2:14:Infinity":3,"s:14:22:14:Infinity":4,"s:16:2:22:Infinity":5}}}
,"C:\\Dev\\montgowork\\frontend\\src\\components\\SmoothScroll.tsx": {"path":"C:\\Dev\\montgowork\\frontend\\src\\components\\SmoothScroll.tsx","statementMap":{"0":{"start":{"line":12,"column":8},"end":{"line":12,"column":null}},"1":{"start":{"line":13,"column":2},"end":{"line":13,"column":null}},"2":{"start":{"line":13,"column":22},"end":{"line":13,"column":null}},"3":{"start":{"line":14,"column":2},"end":{"line":17,"column":null}}},"fnMap":{"0":{"name":"SmoothScroll","decl":{"start":{"line":11,"column":16},"end":{"line":11,"column":29}},"loc":{"start":{"line":11,"column":62},"end":{"line":19,"column":null}},"line":11}},"branchMap":{"0":{"loc":{"start":{"line":13,"column":2},"end":{"line":13,"column":null}},"type":"if","locations":[{"start":{"line":13,"column":2},"end":{"line":13,"column":null}},{"start":{},"end":{}}],"line":13}},"s":{"0":3,"1":3,"2":1,"3":2},"f":{"0":3},"b":{"0":[1,2]},"meta":{"lastBranch":1,"lastFunction":1,"lastStatement":4,"seen":{"f:11:16:11:29":0,"s:12:8:12:Infinity":0,"b:13:2:13:Infinity:undefined:undefined:undefined:undefined":0,"s:13:2:13:Infinity":1,"s:13:22:13:Infinity":2,"s:14:2:17:Infinity":3}}}
,"C:\\Dev\\montgowork\\frontend\\src\\components\\ViewTransitionsProvider.tsx": {"path":"C:\\Dev\\montgowork\\frontend\\src\\components\\ViewTransitionsProvider.tsx","statementMap":{"0":{"start":{"line":11,"column":8},"end":{"line":11,"column":null}},"1":{"start":{"line":12,"column":8},"end":{"line":12,"column":null}},"2":{"start":{"line":14,"column":2},"end":{"line":21,"column":null}},"3":{"start":{"line":15,"column":4},"end":{"line":20,"column":null}},"4":{"start":{"line":16,"column":6},"end":{"line":16,"column":null}},"5":{"start":{"line":17,"column":6},"end":{"line":19,"column":null}},"6":{"start":{"line":18,"column":9},"end":{"line":18,"column":null}},"7":{"start":{"line":23,"column":2},"end":{"line":23,"column":null}}},"fnMap":{"0":{"name":"ViewTransitionsProvider","decl":{"start":{"line":10,"column":16},"end":{"line":10,"column":40}},"loc":{"start":{"line":10,"column":84},"end":{"line":24,"column":null}},"line":10},"1":{"name":"(anonymous_1)","decl":{"start":{"line":14,"column":12},"end":{"line":14,"column":18}},"loc":{"start":{"line":14,"column":18},"end":{"line":21,"column":5}},"line":14}},"branchMap":{"0":{"loc":{"start":{"line":15,"column":4},"end":{"line":20,"column":null}},"type":"if","locations":[{"start":{"line":15,"column":4},"end":{"line":20,"column":null}},{"start":{},"end":{}}],"line":15},"1":{"loc":{"start":{"line":17,"column":6},"end":{"line":19,"column":null}},"type":"if","locations":[{"start":{"line":17,"column":6},"end":{"line":19,"column":null}},{"start":{},"end":{}}],"line":17},"2":{"loc":{"start":{"line":17,"column":10},"end":{"line":17,"column":80}},"type":"binary-expr","locations":[{"start":{"line":17,"column":10},"end":{"line":17,"column":45}},{"start":{"line":17,"column":45},"end":{"line":17,"column":80}}],"line":17}},"s":{"0":2,"1":2,"2":2,"3":2,"4":0,"5":0,"6":0,"7":2},"f":{"0":2,"1":2},"b":{"0":[0,2],"1":[0,0],"2":[0,0]},"meta":{"lastBranch":3,"lastFunction":2,"lastStatement":8,"seen":{"f:10:16:10:40":0,"s:11:8:11:Infinity":0,"s:12:8:12:Infinity":1,"s:14:2:21:Infinity":2,"f:14:12:14:18":1,"b:15:4:20:Infinity:undefined:undefined:undefined:undefined":0,"s:15:4:20:Infinity":3,"s:16:6:16:Infinity":4,"b:17:6:19:Infinity:undefined:undefined:undefined:undefined":1,"s:17:6:19:Infinity":5,"b:17:10:17:45:17:45:17:80":2,"s:18:9:18:Infinity":6,"s:23:2:23:Infinity":7}}}
[...]
{"line":66,"column":22},"end":{"line":66,"column":null}},"16":{"start":{"line":67,"column":2},"end":{"line":76,"column":null}},"17":{"start":{"line":88,"column":8},"end":{"line":88,"column":null}},"18":{"start":{"line":89,"column":8},"end":{"line":89,"column":null}},"19":{"start":{"line":90,"column":8},"end":{"line":90,"column":null}},"20":{"start":{"line":91,"column":8},"end":{"line":91,"column":null}},"21":{"start":{"line":91,"column":46},"end":{"line":91,"column":88}},"22":{"start":{"line":92,"column":2},"end":{"line":92,"column":null}},"23":{"start":{"line":92,"column":20},"end":{"line":92,"column":41}},"24":{"start":{"line":94,"column":2},"end":{"line":96,"column":null}},"25":{"start":{"line":95,"column":4},"end":{"line":95,"column":null}},"26":{"start":{"line":97,"column":2},"end":{"line":97,"column":null}},"27":{"start":{"line":103,"column":8},"end":{"line":103,"column":null}},"28":{"start":{"line":104,"column":2},"end":{"line":104,"column":null}},"29":{"start":{"line":104,"column":22},"end":{"line":104,"column":null}},"30":{"start":{"line":105,"column":16},"end":{"line":105,"column":null}},"31":{"start":{"line":106,"column":2},"end":{"line":114,"column":null}},"32":{"start":{"line":109,"column":8},"end":{"line":112,"column":null}},"33":{"start":{"line":124,"column":8},"end":{"line":124,"column":null}},"34":{"start":{"line":125,"column":2},"end":{"line":125,"column":null}},"35":{"start":{"line":125,"column":22},"end":{"line":125,"column":null}},"36":{"start":{"line":126,"column":17},"end":{"line":126,"column":null}},"37":{"start":{"line":127,"column":2},"end":{"line":135,"column":null}},"38":{"start":{"line":142,"column":8},"end":{"line":142,"column":null}},"39":{"start":{"line":143,"column":2},"end":{"line":145,"column":null}},"40":{"start":{"line":144,"column":4},"end":{"line":144,"column":null}},"41":{"start":{"line":146,"column":2},"end":{"line":156,"column":null}}},"fnMap":{"0":{"name":"MotionProvider","decl":{"start":{"line":9,"column":16},"end":{"line":9,"column":31}},"loc":{"start":{"line":9,"column":70},"end":{"line":15,"column":null}},"line":9},"1":{"name":"ScrollReveal","decl":{"start":{"line":26,"column":16},"end":{"line":26,"column":29}},"loc":{"start":{"line":26,"column":102},"end":{"line":43,"column":null}},"line":26},"2":{"name":"StaggerContainer","decl":{"start":{"line":47,"column":16},"end":{"line":47,"column":33}},"loc":{"start":{"line":47,"column":92},"end":{"line":60,"column":null}},"line":47},"3":{"name":"StaggerItem","decl":{"start":{"line":64,"column":16},"end":{"line":64,"column":28}},"loc":{"start":{"line":64,"column":71},"end":{"line":78,"column":null}},"line":64},"4":{"name":"AnimatedCounter","decl":{"start":{"line":85,"column":16},"end":{"line":85,"column":32}},"loc":{"start":{"line":87,"column":25},"end":{"line":98,"column":null}},"line":87},"5":{"name":"(anonymous_5)","decl":{"start":{"line":91,"column":39},"end":{"line":91,"column":40}},"loc":{"start":{"line":91,"column":46},"end":{"line":91,"column":88}},"line":91},"6":{"name":"(anonymous_6)","decl":{"start":{"line":92,"column":12},"end":{"line":92,"column":18}},"loc":{"start":{"line":92,"column":18},"end":{"line":92,"column":44}},"line":92},"7":{"name":"Typewriter","decl":{"start":{"line":102,"column":16},"end":{"line":102,"column":27}},"loc":{"start":{"line":102,"column":76},"end":{"line":116,"column":null}},"line":102},"8":{"name":"(anonymous_8)","decl":{"start":{"line":108,"column":17},"end":{"line":108,"column":18}},"loc":{"start":{"line":109,"column":8},"end":{"line":112,"column":null}},"line":109},"9":{"name":"SlideIn","decl":{"start":{"line":123,"column":16},"end":{"line":123,"column":24}},"loc":{"start":{"line":123,"column":94},"end":{"line":137,"column":null}},"line":123},"10":{"name":"ShimmerBar","decl":{"start":{"line":141,"column":16},"end":{"line":141,"column":27}},"loc":{"start":{"line":141,"column":92},"end":{"line":158,"column":null}},"line":141}},"branchMap":{"0":{"loc":{"start":{"line":26,"column":41},"end":{"line":26,"column":52}},"type":"default-arg","locations":[{"start":{"line":26,"column":49},"end":{"line":26,"column":52}}],"line":26},"1":{"loc":{"start":{"line":26,"column":63},"end":{"line":26,"column":80}},"type":"default-arg","locations":[{"start":{"line":26,"column":75},"end":{"line":26,"column":80}}],"line":26},"2":{"loc":{"start":{"line":30,"column":2},"end":{"line":30,"column":null}},"type":"if","locations":[{"start":{"line":30,"column":2},"end":{"line":30,"column":null}},{"start":{},"end":{}}],"line":30},"3":{"loc":{"start":{"line":37,"column":15},"end":{"line":37,"column":null}},"type":"cond-expr","locations":[{"start":{"line":37,"column":24},"end":{"line":37,"column":53}},{"start":{"line":37,"column":53},"end":{"line":37,"column":null}}],"line":37},"4":{"loc":{"start":{"line":47,"column":56},"end":{"line":47,"column":66}},"type":"default-arg","locations":[{"start":{"line":47,"column":64},"end":{"line":47,"column":66}}],"line":47},"5":{"loc":{"start":{"line":49,"column":2},"end":{"line":49,"column":null}},"type":"if","locations":[{"start":{"line":49,"column":2},"end":{"line":49,"column":null}},{"start":{},"end":{}}],"line":49},"6":{"loc":{"start":{"line":66,"column":2},"end":{"line":66,"column":null}},"type":"if","locations":[{"start":{"line":66,"column":2},"end":{"line":66,"column":null}},{"start":{},"end":{}}],"line":66},"7":{"loc":{"start":{"line":86,"column":2},"end":{"line":86,"column":12}},"type":"default-arg","locations":[{"start":{"line":86,"column":9},"end":{"line":86,"column":12}}],"line":86},"8":{"loc":{"start":{"line":86,"column":16},"end":{"line":86,"column":29}},"type":"default-arg","locations":[{"start":{"line":86,"column":25},"end":{"line":86,"column":29}}],"line":86},"9":{"loc":{"start":{"line":86,"column":29},"end":{"line":86,"column":42}},"type":"default-arg","locations":[{"start":{"line":86,"column":38},"end":{"line":86,"column":42}}],"line":86},"10":{"loc":{"start":{"line":86,"column":42},"end":{"line":86,"column":56}},"type":"default-arg","locations":[{"start":{"line":86,"column":53},"end":{"line":86,"column":56}}],"line":86},"11":{"loc":{"start":{"line":86,"column":56},"end":{"line":86,"column":null}},"type":"default-arg","locations":[{"start":{"line":86,"column":67},"end":{"line":86,"column":null}}],"line":86},"12":{"loc":{"start":{"line":94,"column":2},"end":{"line":96,"column":null}},"type":"if","locations":[{"start":{"line":94,"column":2},"end":{"line":96,"column":null}},{"start":{},"end":{}}],"line":94},"13":{"loc":{"start":{"line":102,"column":35},"end":{"line":102,"column":46}},"type":"default-arg","locations":[{"start":{"line":102,"column":43},"end":{"line":102,"column":46}}],"line":102},"14":{"loc":{"start":{"line":104,"column":2},"end":{"line":104,"column":null}},"type":"if","locations":[{"start":{"line":104,"column":2},"end":{"line":104,"column":null}},{"start":{},"end":{}}],"line":104},"15":{"loc":{"start":{"line":111,"column":11},"end":{"line":111,"column":null}},"type":"binary-expr","locations":[{"start":{"line":111,"column":11},"end":{"line":111,"column":35}},{"start":{"line":111,"column":35},"end":{"line":111,"column":null}}],"line":111},"16":{"loc":{"start":{"line":123,"column":36},"end":{"line":123,"column":56}},"type":"default-arg","locations":[{"start":{"line":123,"column":48},"end":{"line":123,"column":56}}],"line":123},"17":{"loc":{"start":{"line":123,"column":56},"end":{"line":123,"column":67}},"type":"default-arg","locations":[{"start":{"line":123,"column":64},"end":{"line":123,"column":67}}],"line":123},"18":{"loc":{"start":{"line":125,"column":2},"end":{"line":125,"column":null}},"type":"if","locations":[{"start":{"line":125,"column":2},"end":{"line":125,"column":null}},{"start":{},"end":{}}],"line":125},"19":{"loc":{"start":{"line":141,"column":29},"end":{"line":141,"column":45}},"type":"default-arg","locations":[{"start":{"line":141,"column":37},"end":{"line":141,"column":45}}],"line":141},"20":{"loc":{"start":{"line":141,"column":45},"end":{"line":141,"column":62}},"type":"default-arg","locations":[{"start":{"line":141,"column":54},"end":{"line":141,"column":62}}],"line":141},"21":{"loc":{"start":{"line":143,"column":2},"end":{"line":145,"column":null}},"type":"if","locations":[{"start":{"line":143,"column":2},"end":{"line":145,"column":null}},{"start":{},"end":{}}],"line":143},"22":{"loc":{"start":{"line":144,"column":47},"end":{"line":144,"column":62}},"type":"binary-expr","locations":[{"start":{"line":144,"column":47},"end":{"line":144,"column":60}},{"start":{"line":144,"column":60},"end":{"line":144,"column":62}}],"line":144},"23":{"loc":{"start":{"line":147,"column":56},"end":{"line":147,"column":71}},"type":"binary-expr","locations":[{"start":{"line":147,"column":56},"end":{"line":147,"column":69}},{"start":{"line":147,"column":69},"end":{"line":147,"column":71}}],"line":147}},"s":{"0":13,"1":12,"2":66,"3":66,"4":66,"5":66,"6":24,"7":42,"8":42,"9":29,"10":29,"11":8,"12":21,"13":48,"14":48,"15":20,"16":28,"17":20,"18":20,"19":20,"20":20,"21":40,"22":20,"23":20,"24":20,"25":19,"26":1,"27":8,"28":8,"29":7,"30":1,"31":1,"32":2,"33":4,"34":4,"35":1,"36":3,"37":3,"38":134,"39":134,"40":13,"41":121},"f":{"0":13,"1":66,"2":29,"3":48,"4":20,"5":40,"6":20,"7":8,"8":2,"9":4,"10":134},"b":{"0":[66],"1":[66],"2":[24,42],"3":[0,42],"4":[29],"5":[8,21],"6":[20,28],"7":[20],"8":[20],"9":[20],"10":[20],"11":[20],"12":[19,1],"13":[8],"14":[7,1],"15":[2,1],"16":[4],"17":[4],"18":[1,3],"19":[134],"20":[134],"21":[13,121],"22":[13,13],"23":[121,121]},"meta":{"lastBranch":24,"lastFunction":11,"lastStatement":42,"seen":{"f:9:16:9:31":0,"s:10:2:13:Infinity":0,"s:24:24:24:Infinity":1,"f:26:16:26:29":1,"b:26:49:26:52":0,"b:26:75:26:80":1,"s:27:8:27:Infinity":2,"s:28:8:28:Infinity":3,"s:29:8:29:Infinity":4,"b:30:2:30:Infinity:undefined:undefined:undefined:undefined":2,"s:30:2:30:Infinity":5,"s:30:22:30:Infinity":6,"s:31:17:31:Infinity":7,"s:32:2:41:Infinity":8,"b:37:24:37:53:37:53:37:Infinity":3,"f:47:16:47:33":2,"b:47:64:47:66":4,"s:48:8:48:Infinity":9,"b:49:2:49:Infinity:undefined:undefined:undefined:undefined":5,"s:49:2:49:Infinity":10,"s:49:22:49:Infinity":11,"s:50:2:58:Infinity":12,"f:64:16:64:28":3,"s:65:8:65:Infinity":13,"b:66:2:66:Infinity:undefined:undefined:undefined:undefined":6,"s:66:2:66:Infinity":14,"s:66:22:66:Infinity":15,"s:67:2:76:Infinity":16,"f:85:16:85:32":4,"b:86:9:86:12":7,"b:86:25:86:29":8,"b:86:38:86:42":9,"b:86:53:86:56":10,"b:86:67:86:Infinity":11,"s:88:8:88:Infinity":17,"s:89:8:89:Infinity":18,"s:90:8:90:Infinity":19,"s:91:8:91:Infinity":20,"f:91:39:91:40":5,"s:91:46:91:88":21,"s:92:2:92:Infinity":22,"f:92:12:92:18":6,"s:92:20:92:41":23,"b:94:2:96:Infinity:undefined:undefined:undefined:undefined":12,"s:94:2:96:Infinity":24,"s:95:4:95:Infinity":25,"s:97:2:97:Infinity":26,"f:102:16:102:27":7,"b:102:43:102:46":13,"s:103:8:103:Infinity":27,"b:104:2:104:Infinity:undefined:undefined:undefined:undefined":14,"s:104:2:104:Infinity":28,"s:104:22:104:Infinity":29,"s:105:16:105:Infinity":30,"s:106:2:114:Infinity":31,"f:108:17:108:18":8,"s:109:8:112:Infinity":32,"b:111:11:111:35:111:35:111:Infinity":15,"f:123:16:123:24":9,"b:123:48:123:56":16,"b:123:64:123:67":17,"s:124:8:124:Infinity":33,"b:125:2:125:Infinity:undefined:undefined:undefined:undefined":18,"s:125:2:125:Infinity":34,"s:125:22:125:Infinity":35,"s:126:17:126:Infinity":36,"s:127:2:135:Infinity":37,"f:141:16:141:27":10,"b:141:37:141:45":19,"b:141:54:141:62":20,"s:142:8:142:Infinity":38,"b:143:2:145:Infinity:undefined:undefined:undefined:undefined":21,"s:143:2:145:Infinity":39,"s:144:4:144:Infinity":40,"b:144:47:144:60:144:60:144:62":22,"s:146:2:156:Infinity":41,"b:147:56:147:69:147:69:147:71":23}}}
,"C:\\Dev\\montgowork\\frontend\\src\\lib\\types.ts": {"path":"C:\\Dev\\montgowork\\frontend\\src\\lib\\types.ts","statementMap":{"0":{"start":{"line":5,"column":27},"end":{"line":13,"column":null}},"1":{"start":{"line":16,"column":31},"end":{"line":20,"column":null}},"2":{"start":{"line":23,"column":32},"end":{"line":27,"column":null}},"3":{"start":{"line":30,"column":30},"end":{"line":35,"column":null}},"4":{"start":{"line":38,"column":27},"end":{"line":43,"column":null}},"5":{"start":{"line":303,"column":30},"end":{"line":308,"column":null}}},"fnMap":{},"branchMap":{},"s":{"0":14,"1":14,"2":14,"3":14,"4":14,"5":14},"f":{},"b":{},"meta":{"lastBranch":0,"lastFunction":0,"lastStatement":6,"seen":{"s:5:27:13:Infinity":0,"s:16:31:20:Infinity":1,"s:23:32:27:Infinity":2,"s:30:30:35:Infinity":3,"s:38:27:43:Infinity":4,"s:303:30:308:Infinity":5}}}
,"C:\\Dev\\montgowork\\frontend\\src\\lib\\utils.ts": {"path":"C:\\Dev\\montgowork\\frontend\\src\\lib\\utils.ts","statementMap":{"0":{"start":{"line":5,"column":2},"end":{"line":5,"column":null}}},"fnMap":{"0":{"name":"cn","decl":{"start":{"line":4,"column":16},"end":{"line":4,"column":22}},"loc":{"start":{"line":4,"column":44},"end":{"line":6,"column":null}},"line":4}},"branchMap":{},"s":{"0":6304},"f":{"0":6304},"b":{},"meta":{"lastBranch":0,"lastFunction":1,"lastStatement":1,"seen":{"f:4:16:4:22":0,"s:5:2:5:Infinity":0}}}
,"C:\\Dev\\montgowork\\frontend\\src\\lib\\resume\\extract.ts": {"path":"C:\\Dev\\montgowork\\frontend\\src\\lib\\resume\\extract.ts","statementMap":{"0":{"start":{"line":3,"column":25},"end":{"line":3,"column":null}},"1":{"start":{"line":6,"column":2},"end":{"line":6,"column":null}},"2":{"start":{"line":10,"column":14},"end":{"line":10,"column":null}},"3":{"start":{"line":11,"column":15},"end":{"line":11,"column":null}},"4":{"start":{"line":13,"column":2},"end":{"line":13,"column":null}},"5":{"start":{"line":13,"column":51},"end":{"line":13,"column":null}},"6":{"start":{"line":14,"column":2},"end":{"line":18,"column":null}},"7":{"start":{"line":18,"column":4},"end":{"line":18,"column":null}},"8":{"start":{"line":19,"column":2},"end":{"line":19,"column":null}},"9":{"start":{"line":23,"column":2},"end":{"line":23,"column":null}},"10":{"start":{"line":29,"column":19},"end":{"line":29,"column":null}},"11":{"start":{"line":31,"column":2},"end":{"line":39,"column":null}},"12":{"start":{"line":32,"column":17},"end":{"line":32,"column":null}},"13":{"start":{"line":33,"column":4},"end":{"line":38,"column":null}},"14":{"start":{"line":41,"column":2},"end":{"line":54,"column":null}},"15":{"start":{"line":42,"column":4},"end":{"line":53,"column":null}},"16":{"start":{"line":43,"column":34},"end":{"line":43,"column":null}},"17":{"start":{"line":44,"column":19},"end":{"line":44,"column":null}},"18":{"start":{"line":45,"column":6},"end":{"line":50,"column":null}},"19":{"start":{"line":52,"column":6},"end":{"line":52,"column":null}},"20":{"start":{"line":57,"column":2},"end":{"line":93,"column":null}},"21":{"start":{"line":58,"column":31},"end":{"line":58,"column":null}},"22":{"start":{"line":59,"column":23},"end":{"line":59,"column":null}},"23":{"start":{"line":60,"column":22},"end":{"line":60,"column":null}},"24":{"start":{"line":62,"column":4},"end":{"line":69,"column":null}},"25":{"start":{"line":63,"column":6},"end":{"line":68,"column":null}},"26":{"start":{"line":72,"column":4},"end":{"line":90,"column":null}},"27":{"start":{"line":73,"column":29},"end":{"line":73,"column":null}},"28":{"start":{"line":74,"column":22},"end":{"line":74,"column":null}},"29":{"start":{"line":75,"column":27},"end":{"line":75,"column":null}},"30":{"start":{"line":76,"column":6},"end":{"line":81,"column":null}},"31":{"start":{"line":84,"column":6},"end":{"line":89,"column":null}},"32":{"start":{"line":92,"column":4},"end":{"line":92,"column":null}}},"fnMap":{"0":{"name":"countWords","decl":{"start":{"line":5,"column":9},"end":{"line":5,"column":20}},"loc":{"start":{"line":5,"column":42},"end":{"line":7,"column":null}},"line":5},"1":{"name":"detectFileType","decl":{"start":{"line":9,"column":16},"end":{"line":9,"column":31}},"loc":{"start":{"line":9,"column":53},"end":{"line":20,"column":null}},"line":9},"2":{"name":"readPlainText","decl":{"start":{"line":22,"column":15},"end":{"line":22,"column":29}},"loc":{"start":{"line":22,"column":58},"end":{"line":24,"column":null}},"line":22},"3":{"name":"extractResumeText","decl":{"start":{"line":26,"column":22},"end":{"line":26,"column":null}},"loc":{"start":{"line":28,"column":29},"end":{"line":94,"column":null}},"line":28}},"branchMap":{"0":{"loc":{"start":{"line":10,"column":14},"end":{"line":10,"column":null}},"type":"binary-expr","locations":[{"start":{"line":10,"column":14},"end":{"line":10,"column":59}},{"start":{"line":10,"column":59},"end":{"line":10,"column":null}}],"line":10},"1":{"loc":{"start":{"line":13,"column":2},"end":{"line":13,"column":null}},"type":"if","locations":[{"start":{"line":13,"column":2},"end":{"line":13,"column":null}},{"start":{},"end":{}}],"line":13},"2":{"loc":{"start":{"line":13,"column":6},"end":{"line":13,"column":51}},"type":"binary-expr","locations":[{"start":{"line":13,"column":6},"end":{"line":13,"column":23}},{"start":{"line":13,"column":23},"end":{"line":13,"column":51}}],"line":13},"3":{"loc":{"start":{"line":14,"column":2},"end":{"line":18,"column":null}},"type":"if","locations":[{"start":{"line":14,"column":2},"end":{"line":18,"column":null}},{"start":{},"end":{}}],"line":14},"4":{"loc":{"start":{"line":15,"column":4},"end":{"line":16,"column":null}},"type":"binary-expr","locations":[{"start":{"line":15,"column":4},"end":{"line":15,"column":null}},{"start":{"line":16,"column":4},"end":{"line":16,"column":null}}],"line":15},"5":{"loc":{"start":{"line":31,"column":2},"end":{"line":39,"column":null}},"type":"if","locations":[{"start":{"line":31,"column":2},"end":{"line":39,"column":null}},{"start":{},"end":{}}],"line":31},"6":{"loc":{"start":{"line":41,"column":2},"end":{"line":54,"column":null}},"type":"if","locations":[{"start":{"line":41,"column":2},"end":{"line":54,"column":null}},{"start":{},"end":{}}],"line":41},"7":{"loc":{"start":{"line":62,"column":4},"end":{"line":69,"column":null}},"type":"if","locations":[{"start":{"line":62,"column":4},"end":{"line":69,"column":null}},{"start":{},"end":{}}],"line":62},"8":{"loc":{"start":{"line":87,"column":20},"end":{"line":87,"column":null}},"type":"cond-expr","locations":[{"start":{"line":87,"column":36},"end":{"line":87,"column":42}},{"start":{"line":87,"column":42},"end":{"line":87,"column":null}}],"line":87}},"s":{"0":1,"1":8,"2":17,"3":17,"4":17,"5":7,"6":10,"7":5,"8":5,"9":3,"10":9,"11":9,"12":3,"13":3,"14":6,"15":2,"16":2,"17":2,"18":1,"19":1,"20":4,"21":4,"22":4,"23":3,"24":3,"25":1,"26":2,"27":2,"28":2,"29":1,"30":1,"31":1,"32":1},"f":{"0":8,"1":17,"2":3,"3":9},"b":{"0":[17,0],"1":[7,10],"2":[17,11],"3":[5,5],"4":[10,6],"5":[3,6],"6":[2,4],"7":[1,2],"8":[1,0]},"meta":{"lastBranch":9,"lastFunction":4,"lastStatement":33,"seen":{"s:3:25:3:Infinity":0,"f:5:9:5:20":0,"s:6:2:6:Infinity":1,"f:9:16:9:31":1,"s:10:14:10:Infinity":2,"b:10:14:10:59:10:59:10:Infinity":0,"s:11:15:11:Infinity":3,"b:13:2:13:Infinity:undefined:undefined:undefined:undefined":1,"s:13:2:13:Infinity":4,"b:13:6:13:23:13:23:13:51":2,"s:13:51:13:Infinity":5,"b:14:2:18:Infinity:undefined:undefined:undefined:undefined":3,"s:14:2:18:Infinity":6,"b:15:4:15:Infinity:16:4:16:Infinity":4,"s:18:4:18:Infinity":7,"s:19:2:19:Infinity":8,"f:22:15:22:29":2,"s:23:2:23:Infinity":9,"f:26:22:26:Infinity":3,"s:29:19:29:Infinity":10,"b:31:2:39:Infinity:undefined:undefined:undefined:undefined":5,"s:31:2:39:Infinity":11,"s:32:17:32:Infinity":12,"s:33:4:38:Infinity":13,"b:41:2:54:Infinity:undefined:undefined:undefined:undefined":6,"s:41:2:54:Infinity":14,"s:42:4:53:Infinity":15,"s:43:34:43:Infinity":16,"s:44:19:44:Infinity":17,"s:45:6:50:Infinity":18,"s:52:6:52:Infinity":19,"s:57:2:93:Infinity":20,"s:58:31:58:Infinity":21,"s:59:23:59:Infinity":22,"s:60:22:60:Infinity":23,"b:62:4:69:Infinity:undefined:undefined:undefined:undefined":7,"s:62:4:69:Infinity":24,"s:63:6:68:Infinity":25,"s:72:4:90:Infinity":26,"s:73:29:73:Infinity":27,"s:74:22:74:Infinity":28,"s:75:27:75:Infinity":29,"s:76:6:81:Infinity":30,"s:84:6:89:Infinity":31,"b:87:36:87:42:87:42:87:Infinity":8,"s:92:4:92:Infinity":32}}}
}
